Verification completed: 0 reported messages.
Verification completed: 0 reported messages.
Verification completed: 0 reported messages.
Verification completed: 0 reported messages.
Verification completed: 0 reported messages.
Verification completed: 0 reported messages.
Verification completed: 0 reported messages.
java/util/Map$Entry.java:1: hashCode() was overridden but not equals().
Verification completed: 1 reported messages.
java/util/Set.java:1: hashCode() was overridden but not equals().
Verification completed: 1 reported messages.
Verification completed: 0 reported messages.
Verification completed: 0 reported messages.
Verification completed: 0 reported messages.
Verification completed: 0 reported messages.
Verification completed: 0 reported messages.
./test12/java16/util/Collections.java:245: Inequality comparison can be replaced with equality comparison.
./test12/java16/util/Collections.java:267: Inequality comparison can be replaced with equality comparison.
./test12/java16/util/Collections.java:349: Inequality comparison can be replaced with equality comparison.
./test12/java16/util/Collections.java:369: Inequality comparison can be replaced with equality comparison.
java/lang/Object.java:1: equals() was overridden but not hashCode().
Verification completed: 5 reported messages.
./test12/java16/util/Collections.java:3283: Local variable 'n' shadows component of class 'java16/util/Collections$CopiesList'.
Verification completed: 1 reported messages.
Verification completed: 0 reported messages.
Verification completed: 0 reported messages.
Verification completed: 0 reported messages.
Verification completed: 0 reported messages.
Verification completed: 0 reported messages.
Verification completed: 0 reported messages.
Verification completed: 0 reported messages.
Verification completed: 0 reported messages.
Verification completed: 0 reported messages.
Verification completed: 0 reported messages.
Verification completed: 0 reported messages.
Verification completed: 0 reported messages.
Verification completed: 0 reported messages.
Verification completed: 0 reported messages.
Verification completed: 0 reported messages.
Verification completed: 0 reported messages.
Verification completed: 0 reported messages.
Verification completed: 0 reported messages.
Verification completed: 0 reported messages.
Verification completed: 0 reported messages.
Verification completed: 0 reported messages.
Verification completed: 0 reported messages.
Verification completed: 0 reported messages.
./test12/java16/util/Collections.java:1317: Local variable 'm' shadows component of class 'java16/util/Collections$UnmodifiableMap'.
Verification completed: 1 reported messages.
Verification completed: 0 reported messages.
./test12/java16/util/Collections.java:1429: equals() was overridden but not hashCode().
Verification completed: 1 reported messages.
java/util/Map$Entry.java:1: hashCode() was overridden but not equals().
Verification completed: 1 reported messages.
Verification completed: 0 reported messages.
Verification completed: 0 reported messages.
Verification completed: 0 reported messages.
Verification completed: 0 reported messages.
Verification completed: 0 reported messages.
