Verification completed: 0 reported messages.
Verification completed: 0 reported messages.
Verification completed: 0 reported messages.
Verification completed: 0 reported messages.
Verification completed: 0 reported messages.
Verification completed: 0 reported messages.
Verification completed: 0 reported messages.
Verification completed: 0 reported messages.
Verification completed: 0 reported messages.
Verification completed: 0 reported messages.
java/lang/Object.java:1: equals() was overridden but not hashCode().
./test4/com/thoughtworks/xstream/persistence/AbstractFilePersistenceStrategy.java:126: equals() was overridden but not hashCode().
Verification completed: 2 reported messages.
Verification completed: 0 reported messages.
./test4/com/thoughtworks/xstream/io/json/AbstractJsonWriter.java:191: Local variable 'mode' shadows component of class 'com/thoughtworks/xstream/io/json/AbstractJsonWriter'.
./test4/com/thoughtworks/xstream/io/json/AbstractJsonWriter.java:213: Inequality comparison can be replaced with equality comparison.
./test4/com/thoughtworks/xstream/io/json/AbstractJsonWriter.java:485: Switch case constant 2 can't be produced by switch expression.
java/lang/String.java:1: equals() was overridden but not hashCode().
Verification completed: 4 reported messages.
Verification completed: 0 reported messages.
Verification completed: 0 reported messages.
Verification completed: 0 reported messages.
Verification completed: 0 reported messages.
Verification completed: 0 reported messages.
Verification completed: 0 reported messages.
Verification completed: 0 reported messages.
Verification completed: 0 reported messages.
Verification completed: 0 reported messages.
Verification completed: 0 reported messages.
Verification completed: 0 reported messages.
Verification completed: 0 reported messages.
Verification completed: 0 reported messages.
java/lang/String.java:1: equals() was overridden but not hashCode().
java/lang/Object.java:2: equals() was overridden but not hashCode().
Verification completed: 2 reported messages.
Verification completed: 0 reported messages.
Verification completed: 0 reported messages.
./test4/com/thoughtworks/xstream/converters/reflection/AbstractReflectionConverter.java:322: Value of referenced variable 'type' may be NULL.
./test4/com/thoughtworks/xstream/converters/reflection/AbstractReflectionConverter.java:323: Value of referenced variable 'type' may be NULL.
./test4/com/thoughtworks/xstream/converters/reflection/AbstractReflectionConverter.java:399: Value of referenced variable 'value' may be NULL.
java/lang/Object.java:1: equals() was overridden but not hashCode().
Verification completed: 4 reported messages.
Verification completed: 0 reported messages.
Verification completed: 0 reported messages.
Verification completed: 0 reported messages.
Verification completed: 0 reported messages.
./test4/com/thoughtworks/xstream/converters/basic/AbstractSingleValueConverter.java:29: Method java/lang/Object.toString() is not overridden by method with the same name of derived class 'com/thoughtworks/xstream/converters/basic/AbstractSingleValueConverter'.
Verification completed: 1 reported messages.
Verification completed: 0 reported messages.
Verification completed: 0 reported messages.
Verification completed: 0 reported messages.
java/lang/String.java:1: equals() was overridden but not hashCode().
Verification completed: 1 reported messages.
Verification completed: 0 reported messages.
Verification completed: 0 reported messages.
Verification completed: 0 reported messages.
Verification completed: 0 reported messages.
Verification completed: 0 reported messages.
Verification completed: 0 reported messages.
./test4/com/thoughtworks/xstream/mapper/AnnotationMapper.java:185: Inequality comparison can be replaced with equality comparison.
./test4/com/thoughtworks/xstream/mapper/AnnotationMapper.java:458: Value of referenced variable 'targetType' may be NULL.
java/lang/String.java:1: equals() was overridden but not hashCode().
Verification completed: 3 reported messages.
Verification completed: 0 reported messages.
./test4/com/thoughtworks/xstream/mapper/AnnotationMapper.java:554: Zero operand for | operation.
./test4/com/thoughtworks/xstream/mapper/AnnotationMapper.java:586: Zero operand for | operation.
Verification completed: 2 reported messages.
Verification completed: 0 reported messages.
Verification completed: 0 reported messages.
Verification completed: 0 reported messages.
Verification completed: 0 reported messages.
Verification completed: 0 reported messages.
java/lang/String.java:1: equals() was overridden but not hashCode().
Verification completed: 1 reported messages.
Verification completed: 0 reported messages.
Verification completed: 0 reported messages.
Verification completed: 0 reported messages.
./test4/com/thoughtworks/xstream/core/util/Base64Encoder.java:64: Shift >> with count <= than -6.
./test4/com/thoughtworks/xstream/core/util/Base64Encoder.java:77: Shift >> with count <= than -8.
Verification completed: 2 reported messages.
Verification completed: 0 reported messages.
Verification completed: 0 reported messages.
Verification completed: 0 reported messages.
Verification completed: 0 reported messages.
Verification completed: 0 reported messages.
java/lang/Object.java:1: equals() was overridden but not hashCode().
Verification completed: 1 reported messages.
java/lang/Object.java:1: equals() was overridden but not hashCode().
Verification completed: 1 reported messages.
Verification completed: 0 reported messages.
Verification completed: 0 reported messages.
Verification completed: 0 reported messages.
Verification completed: 0 reported messages.
Verification completed: 0 reported messages.
Verification completed: 0 reported messages.
java/lang/Object.java:1: equals() was overridden but not hashCode().
Verification completed: 1 reported messages.
java/lang/String.java:1: equals() was overridden but not hashCode().
java/lang/Object.java:2: equals() was overridden but not hashCode().
Verification completed: 2 reported messages.
java/lang/Object.java:1: equals() was overridden but not hashCode().
Verification completed: 1 reported messages.
Verification completed: 0 reported messages.
Verification completed: 0 reported messages.
Verification completed: 0 reported messages.
Verification completed: 0 reported messages.
Verification completed: 0 reported messages.
./test4/com/thoughtworks/xstream/converters/reflection/CGLIBEnhancedConverter.java:106: Comparison always produces the same result.
./test4/com/thoughtworks/xstream/converters/reflection/CGLIBEnhancedConverter.java:233: Inequality comparison can be replaced with equality comparison.
./test4/com/thoughtworks/xstream/converters/reflection/CGLIBEnhancedConverter.java:241: Inequality comparison can be replaced with equality comparison.
java/lang/String.java:1: equals() was overridden but not hashCode().
Verification completed: 4 reported messages.
Verification completed: 0 reported messages.
Verification completed: 0 reported messages.
java/lang/String.java:1: equals() was overridden but not hashCode().
Verification completed: 1 reported messages.
Verification completed: 0 reported messages.
java/lang/Object.java:1: equals() was overridden but not hashCode().
Verification completed: 1 reported messages.
java/lang/String.java:1: equals() was overridden but not hashCode().
java/lang/Object.java:2: equals() was overridden but not hashCode().
./test4/com/thoughtworks/xstream/converters/basic/CharConverter.java:55: Method java/lang/Object.toString() is not overridden by method with the same name of derived class 'com/thoughtworks/xstream/converters/basic/CharConverter'.
Verification completed: 3 reported messages.
Verification completed: 0 reported messages.
Verification completed: 0 reported messages.
Verification completed: 0 reported messages.
Verification completed: 0 reported messages.
./test4/com/thoughtworks/xstream/core/util/Cloneables.java:27: Method java/lang/Object.clone() is not overridden by method with the same name of derived class 'com/thoughtworks/xstream/core/util/Cloneables'.
Verification completed: 1 reported messages.
java/lang/String.java:1: equals() was overridden but not hashCode().
java/lang/Object.java:2: equals() was overridden but not hashCode().
Verification completed: 2 reported messages.
java/lang/String.java:1: equals() was overridden but not hashCode().
Verification completed: 1 reported messages.
Verification completed: 0 reported messages.
Verification completed: 0 reported messages.
Verification completed: 0 reported messages.
./test4/com/thoughtworks/xstream/core/util/CompositeClassLoader.java:119: Loop 1: invocation of synchronized method com/thoughtworks/xstream/core/util/CompositeClassLoader.loadClass(java.lang.String) can cause deadlock.
./test4/com/thoughtworks/xstream/core/util/CompositeClassLoader.java:129: Loop 2: invocation of synchronized method com/thoughtworks/xstream/core/util/CompositeClassLoader.loadClass(java.lang.String) can cause deadlock.
Verification completed: 2 reported messages.
java/lang/String.java:1: equals() was overridden but not hashCode().
Verification completed: 1 reported messages.
Verification completed: 0 reported messages.
Verification completed: 0 reported messages.
Verification completed: 0 reported messages.
Verification completed: 0 reported messages.
java/lang/Object.java:1: equals() was overridden but not hashCode().
Verification completed: 1 reported messages.
Verification completed: 0 reported messages.
Verification completed: 0 reported messages.
Verification completed: 0 reported messages.
Verification completed: 0 reported messages.
Verification completed: 0 reported messages.
Verification completed: 0 reported messages.
Verification completed: 0 reported messages.
Verification completed: 0 reported messages.
./test4/com/thoughtworks/xstream/converters/basic/DateConverter.java:101: Local variable 'acceptableFormats' shadows component of class 'com/thoughtworks/xstream/converters/basic/DateConverter'.
./test4/com/thoughtworks/xstream/converters/basic/DateConverter.java:101: Local variable 'defaultFormat' shadows component of class 'com/thoughtworks/xstream/converters/basic/DateConverter'.
./test4/com/thoughtworks/xstream/converters/basic/DateConverter.java:112: Local variable 'acceptableFormats' shadows component of class 'com/thoughtworks/xstream/converters/basic/DateConverter'.
./test4/com/thoughtworks/xstream/converters/basic/DateConverter.java:112: Local variable 'defaultFormat' shadows component of class 'com/thoughtworks/xstream/converters/basic/DateConverter'.
./test4/com/thoughtworks/xstream/converters/basic/DateConverter.java:124: Local variable 'acceptableFormats' shadows component of class 'com/thoughtworks/xstream/converters/basic/DateConverter'.
./test4/com/thoughtworks/xstream/converters/basic/DateConverter.java:124: Local variable 'defaultFormat' shadows component of class 'com/thoughtworks/xstream/converters/basic/DateConverter'.
./test4/com/thoughtworks/xstream/converters/basic/DateConverter.java:144: Value of referenced variable 'acceptableFormats' may be NULL.
java/lang/Object.java:1: equals() was overridden but not hashCode().
Verification completed: 8 reported messages.
Verification completed: 0 reported messages.
Verification completed: 0 reported messages.
Verification completed: 0 reported messages.
Verification completed: 0 reported messages.
./test4/com/thoughtworks/xstream/core/util/DependencyInjectionFactory.java:67: Inequality comparison can be replaced with equality comparison.
Verification completed: 1 reported messages.
Verification completed: 0 reported messages.
Verification completed: 0 reported messages.
Verification completed: 0 reported messages.
Verification completed: 0 reported messages.
./test4/com/thoughtworks/xstream/io/xml/Dom4JDriver.java:53: Local variable 'outputFormat' shadows component of class 'com/thoughtworks/xstream/io/xml/Dom4JDriver'.
./test4/com/thoughtworks/xstream/io/xml/Dom4JDriver.java:53: Local variable 'documentFactory' shadows component of class 'com/thoughtworks/xstream/io/xml/Dom4JDriver'.
./test4/com/thoughtworks/xstream/io/xml/Dom4JDriver.java:70: Local variable 'outputFormat' shadows component of class 'com/thoughtworks/xstream/io/xml/Dom4JDriver'.
./test4/com/thoughtworks/xstream/io/xml/Dom4JDriver.java:70: Local variable 'documentFactory' shadows component of class 'com/thoughtworks/xstream/io/xml/Dom4JDriver'.
Verification completed: 4 reported messages.
Verification completed: 0 reported messages.
./test4/com/thoughtworks/xstream/io/xml/Dom4JWriter.java:69: Local variable 'documentFactory' shadows component of class 'com/thoughtworks/xstream/io/xml/Dom4JWriter'.
Verification completed: 1 reported messages.
./test4/com/thoughtworks/xstream/io/xml/Dom4JXmlWriter.java:36: Local variable 'writer' shadows component of class 'com/thoughtworks/xstream/io/xml/Dom4JXmlWriter'.
./test4/com/thoughtworks/xstream/io/xml/Dom4JXmlWriter.java:59: Local variable 'writer' shadows component of class 'com/thoughtworks/xstream/io/xml/Dom4JXmlWriter'.
./test4/com/thoughtworks/xstream/io/xml/Dom4JXmlWriter.java:77: Inequality comparison can be replaced with equality comparison.
Verification completed: 3 reported messages.
./test4/com/thoughtworks/xstream/io/xml/DomDriver.java:56: Local variable 'encoding' shadows component of class 'com/thoughtworks/xstream/io/xml/DomDriver'.
./test4/com/thoughtworks/xstream/io/xml/DomDriver.java:73: Local variable 'encoding' shadows component of class 'com/thoughtworks/xstream/io/xml/DomDriver'.
Verification completed: 2 reported messages.
Verification completed: 0 reported messages.
./test4/com/thoughtworks/xstream/io/xml/DomWriter.java:29: Local variable 'document' shadows component of class 'com/thoughtworks/xstream/io/xml/DomWriter'.
./test4/com/thoughtworks/xstream/io/xml/DomWriter.java:40: Local variable 'document' shadows component of class 'com/thoughtworks/xstream/io/xml/DomWriter'.
./test4/com/thoughtworks/xstream/io/xml/DomWriter.java:64: Local variable 'document' shadows component of class 'com/thoughtworks/xstream/io/xml/DomWriter'.
./test4/com/thoughtworks/xstream/io/xml/DomWriter.java:72: Local variable 'document' shadows component of class 'com/thoughtworks/xstream/io/xml/DomWriter'.
Verification completed: 4 reported messages.
java/lang/Object.java:1: equals() was overridden but not hashCode().
Verification completed: 1 reported messages.
Verification completed: 0 reported messages.
Verification completed: 0 reported messages.
Verification completed: 0 reported messages.
./test4/com/thoughtworks/xstream/converters/extended/DynamicProxyConverter.java:60: Local variable 'mapper' shadows component of class 'com/thoughtworks/xstream/converters/extended/DynamicProxyConverter'.
java/lang/String.java:1: equals() was overridden but not hashCode().
java/lang/Object.java:2: equals() was overridden but not hashCode().
Verification completed: 3 reported messages.
java/lang/String.java:1: equals() was overridden but not hashCode().
Verification completed: 1 reported messages.
Verification completed: 0 reported messages.
java/lang/Object.java:1: equals() was overridden but not hashCode().
Verification completed: 1 reported messages.
Verification completed: 0 reported messages.
Verification completed: 0 reported messages.
./test4/com/thoughtworks/xstream/mapper/EnumMapper.java:119: Value of lock enumConverterMap is changed outside synchronization or constructor.
Verification completed: 1 reported messages.
Verification completed: 0 reported messages.
Verification completed: 0 reported messages.
Verification completed: 0 reported messages.
Verification completed: 0 reported messages.
Verification completed: 0 reported messages.
Verification completed: 0 reported messages.
Verification completed: 0 reported messages.
Verification completed: 0 reported messages.
./test4/com/thoughtworks/xstream/converters/reflection/ExternalizableConverter.java:54: Local variable 'mapper' shadows component of class 'com/thoughtworks/xstream/converters/reflection/ExternalizableConverter'.
Verification completed: 1 reported messages.
./test4/com/thoughtworks/xstream/core/util/FastField.java:23: Local variable 'name' shadows component of class 'com/thoughtworks/xstream/core/util/FastField'.
Verification completed: 1 reported messages.
Verification completed: 0 reported messages.
java/lang/Object.java:1: equals() was overridden but not hashCode().
./test4/com/thoughtworks/xstream/converters/reflection/FieldDictionary.java:188: Loop 1: invocation of synchronized method com/thoughtworks/xstream/converters/reflection/FieldDictionary.flushCache() can cause deadlock.
Verification completed: 2 reported messages.
Verification completed: 0 reported messages.
Verification completed: 0 reported messages.
Verification completed: 0 reported messages.
java/lang/Object.java:1: equals() was overridden but not hashCode().
Verification completed: 1 reported messages.
java/lang/String.java:1: equals() was overridden but not hashCode().
Verification completed: 1 reported messages.
java/lang/String.java:1: equals() was overridden but not hashCode().
Verification completed: 1 reported messages.
java/lang/Object.java:1: equals() was overridden but not hashCode().
Verification completed: 1 reported messages.
java/lang/String.java:1: equals() was overridden but not hashCode().
Verification completed: 1 reported messages.
java/lang/Object.java:1: equals() was overridden but not hashCode().
Verification completed: 1 reported messages.
Verification completed: 0 reported messages.
Verification completed: 0 reported messages.
Verification completed: 0 reported messages.
Verification completed: 0 reported messages.
Verification completed: 0 reported messages.
Verification completed: 0 reported messages.
Verification completed: 0 reported messages.
Verification completed: 0 reported messages.
Verification completed: 0 reported messages.
java/lang/String.java:1: equals() was overridden but not hashCode().
Verification completed: 1 reported messages.
java/lang/Object.java:1: equals() was overridden but not hashCode().
Verification completed: 1 reported messages.
java/lang/String.java:1: hashCode() was overridden but not equals().
Verification completed: 1 reported messages.
Verification completed: 0 reported messages.
java/lang/Object.java:1: equals() was overridden but not hashCode().
Verification completed: 1 reported messages.
java/lang/Object.java:1: equals() was overridden but not hashCode().
Verification completed: 1 reported messages.
java/lang/Object.java:1: equals() was overridden but not hashCode().
Verification completed: 1 reported messages.
java/lang/Object.java:1: equals() was overridden but not hashCode().
Verification completed: 1 reported messages.
java/lang/Object.java:1: equals() was overridden but not hashCode().
Verification completed: 1 reported messages.
./test4/com/thoughtworks/xstream/converters/javabean/JavaBeanConverter.java:43: Local variable 'mapper' shadows component of class 'com/thoughtworks/xstream/converters/javabean/JavaBeanConverter'.
./test4/com/thoughtworks/xstream/converters/javabean/JavaBeanConverter.java:55: Local variable 'mapper' shadows component of class 'com/thoughtworks/xstream/converters/javabean/JavaBeanConverter'.
Verification completed: 2 reported messages.
Verification completed: 0 reported messages.
Verification completed: 0 reported messages.
Verification completed: 0 reported messages.
java/lang/Object.java:1: equals() was overridden but not hashCode().
Verification completed: 1 reported messages.
java/lang/String.java:1: equals() was overridden but not hashCode().
java/lang/Object.java:2: equals() was overridden but not hashCode().
Verification completed: 2 reported messages.
java/lang/Object.java:1: equals() was overridden but not hashCode().
Verification completed: 1 reported messages.
Verification completed: 0 reported messages.
Verification completed: 0 reported messages.
Verification completed: 0 reported messages.
Verification completed: 0 reported messages.
./test4/com/thoughtworks/xstream/io/json/JettisonStaxWriter.java:59: Local variable 'convention' shadows component of class 'com/thoughtworks/xstream/io/json/JettisonStaxWriter'.
Verification completed: 1 reported messages.
Verification completed: 0 reported messages.
Verification completed: 0 reported messages.
./test4/com/thoughtworks/xstream/io/json/JsonWriter.java:40: Local variable 'writer' shadows component of class 'com/thoughtworks/xstream/io/json/JsonWriter'.
./test4/com/thoughtworks/xstream/io/json/JsonWriter.java:49: Local variable 'writer' shadows component of class 'com/thoughtworks/xstream/io/json/JsonWriter'.
./test4/com/thoughtworks/xstream/io/json/JsonWriter.java:57: Local variable 'writer' shadows component of class 'com/thoughtworks/xstream/io/json/JsonWriter'.
./test4/com/thoughtworks/xstream/io/json/JsonWriter.java:66: Local variable 'writer' shadows component of class 'com/thoughtworks/xstream/io/json/JsonWriter'.
./test4/com/thoughtworks/xstream/io/json/JsonWriter.java:72: Local variable 'writer' shadows component of class 'com/thoughtworks/xstream/io/json/JsonWriter'.
./test4/com/thoughtworks/xstream/io/json/JsonWriter.java:82: Local variable 'writer' shadows component of class 'com/thoughtworks/xstream/io/json/JsonWriter'.
./test4/com/thoughtworks/xstream/io/json/JsonWriter.java:96: Local variable 'writer' shadows component of class 'com/thoughtworks/xstream/io/json/JsonWriter'.
./test4/com/thoughtworks/xstream/io/json/JsonWriter.java:110: Local variable 'format' shadows component of class 'com/thoughtworks/xstream/io/json/JsonWriter'.
./test4/com/thoughtworks/xstream/io/json/JsonWriter.java:110: Local variable 'writer' shadows component of class 'com/thoughtworks/xstream/io/json/JsonWriter'.
./test4/com/thoughtworks/xstream/io/json/JsonWriter.java:133: Local variable 'format' shadows component of class 'com/thoughtworks/xstream/io/json/JsonWriter'.
./test4/com/thoughtworks/xstream/io/json/JsonWriter.java:133: Local variable 'writer' shadows component of class 'com/thoughtworks/xstream/io/json/JsonWriter'.
./test4/com/thoughtworks/xstream/io/json/JsonWriter.java:260: Local variable 'depth' shadows component of class 'com/thoughtworks/xstream/io/json/JsonWriter'.
Verification completed: 12 reported messages.
Verification completed: 0 reported messages.
Verification completed: 0 reported messages.
java/lang/String.java:1: equals() was overridden but not hashCode().
./test4/com/thoughtworks/xstream/core/JVM.java:274: Method com/thoughtworks/xstream/core/JVM.isHarmony() can be called from different threads and is not synchronized.
./test4/com/thoughtworks/xstream/core/JVM.java:259: Method com/thoughtworks/xstream/core/JVM.is14() can be called from different threads and is not synchronized.
./test4/com/thoughtworks/xstream/core/JVM.java:259: Method com/thoughtworks/xstream/core/JVM.isDiablo() can be called from different threads and is not synchronized.
./test4/com/thoughtworks/xstream/core/JVM.java:259: Method com/thoughtworks/xstream/core/JVM.isSAP() can be called from different threads and is not synchronized.
./test4/com/thoughtworks/xstream/core/JVM.java:259: Method com/thoughtworks/xstream/core/JVM.isHitachi() can be called from different threads and is not synchronized.
./test4/com/thoughtworks/xstream/core/JVM.java:259: Method com/thoughtworks/xstream/core/JVM.isBEAWithUnsafeSupport() can be called from different threads and is not synchronized.
./test4/com/thoughtworks/xstream/core/JVM.java:259: Method com/thoughtworks/xstream/core/JVM.isBlackdown() can be called from different threads and is not synchronized.
./test4/com/thoughtworks/xstream/core/JVM.java:259: Method com/thoughtworks/xstream/core/JVM.isIBM() can be called from different threads and is not synchronized.
./test4/com/thoughtworks/xstream/core/JVM.java:259: Method com/thoughtworks/xstream/core/JVM.isHPUX() can be called from different threads and is not synchronized.
./test4/com/thoughtworks/xstream/core/JVM.java:259: Method com/thoughtworks/xstream/core/JVM.isApple() can be called from different threads and is not synchronized.
./test4/com/thoughtworks/xstream/core/JVM.java:259: Method com/thoughtworks/xstream/core/JVM.isOracle() can be called from different threads and is not synchronized.
./test4/com/thoughtworks/xstream/core/JVM.java:259: Method com/thoughtworks/xstream/core/JVM.isSun() can be called from different threads and is not synchronized.
Verification completed: 13 reported messages.
Verification completed: 0 reported messages.
Verification completed: 0 reported messages.
Verification completed: 0 reported messages.
java/lang/Object.java:1: equals() was overridden but not hashCode().
Verification completed: 1 reported messages.
java/lang/Object.java:1: equals() was overridden but not hashCode().
Verification completed: 1 reported messages.
Verification completed: 0 reported messages.
Verification completed: 0 reported messages.
java/lang/String.java:1: equals() was overridden but not hashCode().
java/lang/Object.java:2: equals() was overridden but not hashCode().
Verification completed: 2 reported messages.
Verification completed: 0 reported messages.
Verification completed: 0 reported messages.
Verification completed: 0 reported messages.
Verification completed: 0 reported messages.
Verification completed: 0 reported messages.
Verification completed: 0 reported messages.
Verification completed: 0 reported messages.
Verification completed: 0 reported messages.
Verification completed: 0 reported messages.
Verification completed: 0 reported messages.
Verification completed: 0 reported messages.
Verification completed: 0 reported messages.
Verification completed: 0 reported messages.
Verification completed: 0 reported messages.
Verification completed: 0 reported messages.
Verification completed: 0 reported messages.
Verification completed: 0 reported messages.
Verification completed: 0 reported messages.
Verification completed: 0 reported messages.
Verification completed: 0 reported messages.
Verification completed: 0 reported messages.
java/lang/String.java:1: equals() was overridden but not hashCode().
Verification completed: 1 reported messages.
Verification completed: 0 reported messages.
Verification completed: 0 reported messages.
Verification completed: 0 reported messages.
Verification completed: 0 reported messages.
Verification completed: 0 reported messages.
Verification completed: 0 reported messages.
Verification completed: 0 reported messages.
./test4/com/thoughtworks/xstream/core/util/Pool.java:73: Value of lock mutex is changed outside synchronization or constructor.
./test4/com/thoughtworks/xstream/core/util/Pool.java:66: Lock com/thoughtworks/xstream/core/util/Pool.mutex is requested while holding lock <unknown>, with other thread holding com/thoughtworks/xstream/core/util/Pool.mutex and requesting lock <unknown>.
Verification completed: 2 reported messages.
Verification completed: 0 reported messages.
Verification completed: 0 reported messages.
Verification completed: 0 reported messages.
./test4/com/thoughtworks/xstream/core/util/PresortedMap.java:159: Inequality comparison can be replaced with equality comparison.
./test4/com/thoughtworks/xstream/core/util/PresortedMap.java:159: Inequality comparison can be replaced with equality comparison.
Verification completed: 2 reported messages.
./test4/com/thoughtworks/xstream/core/util/PresortedMap.java:33: Local variable 'comparator' shadows component of class 'com/thoughtworks/xstream/core/util/PresortedMap'.
Verification completed: 1 reported messages.
./test4/com/thoughtworks/xstream/core/util/PresortedSet.java:28: Local variable 'comparator' shadows component of class 'com/thoughtworks/xstream/core/util/PresortedSet'.
Verification completed: 1 reported messages.
./test4/com/thoughtworks/xstream/io/xml/PrettyPrintWriter.java:92: Local variable 'newLine' shadows component of class 'com/thoughtworks/xstream/io/xml/PrettyPrintWriter'.
./test4/com/thoughtworks/xstream/io/xml/PrettyPrintWriter.java:92: Local variable 'lineIndenter' shadows component of class 'com/thoughtworks/xstream/io/xml/PrettyPrintWriter'.
./test4/com/thoughtworks/xstream/io/xml/PrettyPrintWriter.java:92: Local variable 'writer' shadows component of class 'com/thoughtworks/xstream/io/xml/PrettyPrintWriter'.
./test4/com/thoughtworks/xstream/io/xml/PrettyPrintWriter.java:100: Local variable 'lineIndenter' shadows component of class 'com/thoughtworks/xstream/io/xml/PrettyPrintWriter'.
./test4/com/thoughtworks/xstream/io/xml/PrettyPrintWriter.java:100: Local variable 'mode' shadows component of class 'com/thoughtworks/xstream/io/xml/PrettyPrintWriter'.
./test4/com/thoughtworks/xstream/io/xml/PrettyPrintWriter.java:100: Local variable 'writer' shadows component of class 'com/thoughtworks/xstream/io/xml/PrettyPrintWriter'.
./test4/com/thoughtworks/xstream/io/xml/PrettyPrintWriter.java:109: Local variable 'lineIndenter' shadows component of class 'com/thoughtworks/xstream/io/xml/PrettyPrintWriter'.
./test4/com/thoughtworks/xstream/io/xml/PrettyPrintWriter.java:109: Local variable 'mode' shadows component of class 'com/thoughtworks/xstream/io/xml/PrettyPrintWriter'.
./test4/com/thoughtworks/xstream/io/xml/PrettyPrintWriter.java:109: Local variable 'writer' shadows component of class 'com/thoughtworks/xstream/io/xml/PrettyPrintWriter'.
./test4/com/thoughtworks/xstream/io/xml/PrettyPrintWriter.java:116: Local variable 'newLine' shadows component of class 'com/thoughtworks/xstream/io/xml/PrettyPrintWriter'.
./test4/com/thoughtworks/xstream/io/xml/PrettyPrintWriter.java:116: Local variable 'lineIndenter' shadows component of class 'com/thoughtworks/xstream/io/xml/PrettyPrintWriter'.
./test4/com/thoughtworks/xstream/io/xml/PrettyPrintWriter.java:116: Local variable 'writer' shadows component of class 'com/thoughtworks/xstream/io/xml/PrettyPrintWriter'.
./test4/com/thoughtworks/xstream/io/xml/PrettyPrintWriter.java:123: Local variable 'lineIndenter' shadows component of class 'com/thoughtworks/xstream/io/xml/PrettyPrintWriter'.
./test4/com/thoughtworks/xstream/io/xml/PrettyPrintWriter.java:123: Local variable 'mode' shadows component of class 'com/thoughtworks/xstream/io/xml/PrettyPrintWriter'.
./test4/com/thoughtworks/xstream/io/xml/PrettyPrintWriter.java:123: Local variable 'writer' shadows component of class 'com/thoughtworks/xstream/io/xml/PrettyPrintWriter'.
./test4/com/thoughtworks/xstream/io/xml/PrettyPrintWriter.java:127: Local variable 'lineIndenter' shadows component of class 'com/thoughtworks/xstream/io/xml/PrettyPrintWriter'.
./test4/com/thoughtworks/xstream/io/xml/PrettyPrintWriter.java:127: Local variable 'writer' shadows component of class 'com/thoughtworks/xstream/io/xml/PrettyPrintWriter'.
./test4/com/thoughtworks/xstream/io/xml/PrettyPrintWriter.java:134: Local variable 'newLine' shadows component of class 'com/thoughtworks/xstream/io/xml/PrettyPrintWriter'.
./test4/com/thoughtworks/xstream/io/xml/PrettyPrintWriter.java:134: Local variable 'lineIndenter' shadows component of class 'com/thoughtworks/xstream/io/xml/PrettyPrintWriter'.
./test4/com/thoughtworks/xstream/io/xml/PrettyPrintWriter.java:134: Local variable 'writer' shadows component of class 'com/thoughtworks/xstream/io/xml/PrettyPrintWriter'.
./test4/com/thoughtworks/xstream/io/xml/PrettyPrintWriter.java:141: Local variable 'lineIndenter' shadows component of class 'com/thoughtworks/xstream/io/xml/PrettyPrintWriter'.
./test4/com/thoughtworks/xstream/io/xml/PrettyPrintWriter.java:141: Local variable 'mode' shadows component of class 'com/thoughtworks/xstream/io/xml/PrettyPrintWriter'.
./test4/com/thoughtworks/xstream/io/xml/PrettyPrintWriter.java:141: Local variable 'writer' shadows component of class 'com/thoughtworks/xstream/io/xml/PrettyPrintWriter'.
./test4/com/thoughtworks/xstream/io/xml/PrettyPrintWriter.java:145: Local variable 'lineIndenter' shadows component of class 'com/thoughtworks/xstream/io/xml/PrettyPrintWriter'.
./test4/com/thoughtworks/xstream/io/xml/PrettyPrintWriter.java:145: Local variable 'writer' shadows component of class 'com/thoughtworks/xstream/io/xml/PrettyPrintWriter'.
./test4/com/thoughtworks/xstream/io/xml/PrettyPrintWriter.java:152: Local variable 'mode' shadows component of class 'com/thoughtworks/xstream/io/xml/PrettyPrintWriter'.
./test4/com/thoughtworks/xstream/io/xml/PrettyPrintWriter.java:152: Local variable 'writer' shadows component of class 'com/thoughtworks/xstream/io/xml/PrettyPrintWriter'.
./test4/com/thoughtworks/xstream/io/xml/PrettyPrintWriter.java:160: Local variable 'mode' shadows component of class 'com/thoughtworks/xstream/io/xml/PrettyPrintWriter'.
./test4/com/thoughtworks/xstream/io/xml/PrettyPrintWriter.java:160: Local variable 'writer' shadows component of class 'com/thoughtworks/xstream/io/xml/PrettyPrintWriter'.
./test4/com/thoughtworks/xstream/io/xml/PrettyPrintWriter.java:167: Local variable 'writer' shadows component of class 'com/thoughtworks/xstream/io/xml/PrettyPrintWriter'.
./test4/com/thoughtworks/xstream/io/xml/PrettyPrintWriter.java:174: Local variable 'writer' shadows component of class 'com/thoughtworks/xstream/io/xml/PrettyPrintWriter'.
./test4/com/thoughtworks/xstream/io/xml/PrettyPrintWriter.java:181: Local variable 'mode' shadows component of class 'com/thoughtworks/xstream/io/xml/PrettyPrintWriter'.
./test4/com/thoughtworks/xstream/io/xml/PrettyPrintWriter.java:181: Local variable 'writer' shadows component of class 'com/thoughtworks/xstream/io/xml/PrettyPrintWriter'.
./test4/com/thoughtworks/xstream/io/xml/PrettyPrintWriter.java:185: Local variable 'writer' shadows component of class 'com/thoughtworks/xstream/io/xml/PrettyPrintWriter'.
./test4/com/thoughtworks/xstream/io/xml/PrettyPrintWriter.java:223: Local variable 'writer' shadows component of class 'com/thoughtworks/xstream/io/xml/PrettyPrintWriter'.
./test4/com/thoughtworks/xstream/io/xml/PrettyPrintWriter.java:227: Local variable 'writer' shadows component of class 'com/thoughtworks/xstream/io/xml/PrettyPrintWriter'.
Verification completed: 36 reported messages.
Verification completed: 0 reported messages.
Verification completed: 0 reported messages.
./test4/com/thoughtworks/xstream/core/util/PrioritizedList.java:67: equals() was overridden but not hashCode().
Verification completed: 1 reported messages.
Verification completed: 0 reported messages.
java/lang/String.java:1: equals() was overridden but not hashCode().
Verification completed: 1 reported messages.
Verification completed: 0 reported messages.
Verification completed: 0 reported messages.
Verification completed: 0 reported messages.
Verification completed: 0 reported messages.
./test4/com/thoughtworks/xstream/converters/reflection/PureJavaReflectionProvider.java:189: Value of lock serializedDataCache is changed outside synchronization or constructor.
Verification completed: 1 reported messages.
Verification completed: 0 reported messages.
./test4/com/thoughtworks/xstream/core/util/QuickWriter.java:26: Local variable 'writer' shadows component of class 'com/thoughtworks/xstream/core/util/QuickWriter'.
Verification completed: 1 reported messages.
Verification completed: 0 reported messages.
Verification completed: 0 reported messages.
java/lang/String.java:1: equals() was overridden but not hashCode().
Verification completed: 1 reported messages.
Verification completed: 0 reported messages.
Verification completed: 0 reported messages.
Verification completed: 0 reported messages.
Verification completed: 0 reported messages.
Verification completed: 0 reported messages.
Verification completed: 0 reported messages.
Verification completed: 0 reported messages.
Verification completed: 0 reported messages.
Verification completed: 0 reported messages.
Verification completed: 0 reported messages.
Verification completed: 0 reported messages.
Verification completed: 0 reported messages.
Verification completed: 0 reported messages.
Verification completed: 0 reported messages.
java/lang/Object.java:1: equals() was overridden but not hashCode().
Verification completed: 1 reported messages.
./test4/com/thoughtworks/xstream/io/xml/SaxWriter.java:150: Local variable 'includeEnclosingDocument' shadows component of class 'com/thoughtworks/xstream/io/xml/SaxWriter'.
./test4/com/thoughtworks/xstream/io/xml/SaxWriter.java:154: Local variable 'includeEnclosingDocument' shadows component of class 'com/thoughtworks/xstream/io/xml/SaxWriter'.
java/lang/String.java:1: equals() was overridden but not hashCode().
Verification completed: 3 reported messages.
Verification completed: 0 reported messages.
Verification completed: 0 reported messages.
java/lang/Object.java:1: equals() was overridden but not hashCode().
Verification completed: 1 reported messages.
./test4/com/thoughtworks/xstream/converters/reflection/SerializableConverter.java:383: Method com/thoughtworks/xstream/converters/reflection/SerializableConverter$2$1.run() implementing 'Runnable' interface is not synchronized.
Verification completed: 1 reported messages.
java/lang/String.java:1: equals() was overridden but not hashCode().
Verification completed: 1 reported messages.
java/lang/String.java:1: equals() was overridden but not hashCode().
Verification completed: 1 reported messages.
Verification completed: 0 reported messages.
Verification completed: 0 reported messages.
Verification completed: 0 reported messages.
java/lang/Object.java:1: equals() was overridden but not hashCode().
Verification completed: 1 reported messages.
java/lang/Object.java:1: equals() was overridden but not hashCode().
Verification completed: 1 reported messages.
Verification completed: 0 reported messages.
Verification completed: 0 reported messages.
Verification completed: 0 reported messages.
Verification completed: 0 reported messages.
java/lang/String.java:1: equals() was overridden but not hashCode().
Verification completed: 1 reported messages.
java/lang/Object.java:1: equals() was overridden but not hashCode().
Verification completed: 1 reported messages.
java/lang/Object.java:1: equals() was overridden but not hashCode().
Verification completed: 1 reported messages.
java/lang/Object.java:1: equals() was overridden but not hashCode().
Verification completed: 1 reported messages.
java/lang/String.java:1: equals() was overridden but not hashCode().
java/lang/Object.java:2: equals() was overridden but not hashCode().
Verification completed: 2 reported messages.
Verification completed: 0 reported messages.
Verification completed: 0 reported messages.
Verification completed: 0 reported messages.
./test4/com/thoughtworks/xstream/io/xml/StaxDriver.java:52: Local variable 'qnameMap' shadows component of class 'com/thoughtworks/xstream/io/xml/StaxDriver'.
./test4/com/thoughtworks/xstream/io/xml/StaxDriver.java:75: Local variable 'qnameMap' shadows component of class 'com/thoughtworks/xstream/io/xml/StaxDriver'.
java/lang/Boolean.java:1: equals() was overridden but not hashCode().
Verification completed: 3 reported messages.
./test4/com/thoughtworks/xstream/io/xml/StaxReader.java:35: Local variable 'in' shadows component of class 'com/thoughtworks/xstream/io/xml/StaxReader'.
./test4/com/thoughtworks/xstream/io/xml/StaxReader.java:35: Local variable 'qnameMap' shadows component of class 'com/thoughtworks/xstream/io/xml/StaxReader'.
./test4/com/thoughtworks/xstream/io/xml/StaxReader.java:53: Local variable 'in' shadows component of class 'com/thoughtworks/xstream/io/xml/StaxReader'.
./test4/com/thoughtworks/xstream/io/xml/StaxReader.java:53: Local variable 'qnameMap' shadows component of class 'com/thoughtworks/xstream/io/xml/StaxReader'.
Verification completed: 4 reported messages.
./test4/com/thoughtworks/xstream/io/xml/StaxWriter.java:37: Local variable 'out' shadows component of class 'com/thoughtworks/xstream/io/xml/StaxWriter'.
./test4/com/thoughtworks/xstream/io/xml/StaxWriter.java:37: Local variable 'qnameMap' shadows component of class 'com/thoughtworks/xstream/io/xml/StaxWriter'.
./test4/com/thoughtworks/xstream/io/xml/StaxWriter.java:51: Local variable 'out' shadows component of class 'com/thoughtworks/xstream/io/xml/StaxWriter'.
./test4/com/thoughtworks/xstream/io/xml/StaxWriter.java:51: Local variable 'qnameMap' shadows component of class 'com/thoughtworks/xstream/io/xml/StaxWriter'.
./test4/com/thoughtworks/xstream/io/xml/StaxWriter.java:87: Local variable 'namespaceRepairingMode' shadows component of class 'com/thoughtworks/xstream/io/xml/StaxWriter'.
./test4/com/thoughtworks/xstream/io/xml/StaxWriter.java:87: Local variable 'writeEnclosingDocument' shadows component of class 'com/thoughtworks/xstream/io/xml/StaxWriter'.
./test4/com/thoughtworks/xstream/io/xml/StaxWriter.java:87: Local variable 'out' shadows component of class 'com/thoughtworks/xstream/io/xml/StaxWriter'.
./test4/com/thoughtworks/xstream/io/xml/StaxWriter.java:87: Local variable 'qnameMap' shadows component of class 'com/thoughtworks/xstream/io/xml/StaxWriter'.
./test4/com/thoughtworks/xstream/io/xml/StaxWriter.java:104: Local variable 'namespaceRepairingMode' shadows component of class 'com/thoughtworks/xstream/io/xml/StaxWriter'.
./test4/com/thoughtworks/xstream/io/xml/StaxWriter.java:104: Local variable 'writeEnclosingDocument' shadows component of class 'com/thoughtworks/xstream/io/xml/StaxWriter'.
./test4/com/thoughtworks/xstream/io/xml/StaxWriter.java:104: Local variable 'out' shadows component of class 'com/thoughtworks/xstream/io/xml/StaxWriter'.
./test4/com/thoughtworks/xstream/io/xml/StaxWriter.java:104: Local variable 'qnameMap' shadows component of class 'com/thoughtworks/xstream/io/xml/StaxWriter'.
java/lang/String.java:1: equals() was overridden but not hashCode().
Verification completed: 13 reported messages.
Verification completed: 0 reported messages.
Verification completed: 0 reported messages.
java/lang/Object.java:1: equals() was overridden but not hashCode().
Verification completed: 1 reported messages.
java/lang/Object.java:1: equals() was overridden but not hashCode().
Verification completed: 1 reported messages.
java/lang/Object.java:1: equals() was overridden but not hashCode().
Verification completed: 1 reported messages.
java/lang/Object.java:1: equals() was overridden but not hashCode().
Verification completed: 1 reported messages.
./test4/com/thoughtworks/xstream/converters/reflection/Sun14ReflectionProvider.java:162: Value of lock constructorCache is changed outside synchronization or constructor.
java/lang/Object.java:1: equals() was overridden but not hashCode().
Verification completed: 2 reported messages.
./test4/com/thoughtworks/xstream/mapper/SystemAttributeAliasingMapper.java:30: Compare strings as object references.
Verification completed: 1 reported messages.
Verification completed: 0 reported messages.
Verification completed: 0 reported messages.
Verification completed: 0 reported messages.
Verification completed: 0 reported messages.
java/lang/Object.java:1: equals() was overridden but not hashCode().
Verification completed: 1 reported messages.
Verification completed: 0 reported messages.
Verification completed: 0 reported messages.
./test4/com/thoughtworks/xstream/converters/extended/ToAttributedValueConverter.java:67: Local variable 'lookup' shadows component of class 'com/thoughtworks/xstream/converters/extended/ToAttributedValueConverter'.
./test4/com/thoughtworks/xstream/converters/extended/ToAttributedValueConverter.java:67: Local variable 'reflectionProvider' shadows component of class 'com/thoughtworks/xstream/converters/extended/ToAttributedValueConverter'.
./test4/com/thoughtworks/xstream/converters/extended/ToAttributedValueConverter.java:67: Local variable 'mapper' shadows component of class 'com/thoughtworks/xstream/converters/extended/ToAttributedValueConverter'.
./test4/com/thoughtworks/xstream/converters/extended/ToAttributedValueConverter.java:67: Local variable 'type' shadows component of class 'com/thoughtworks/xstream/converters/extended/ToAttributedValueConverter'.
./test4/com/thoughtworks/xstream/converters/extended/ToAttributedValueConverter.java:208: Local variable 'type' shadows component of class 'com/thoughtworks/xstream/converters/extended/ToAttributedValueConverter'.
./test4/com/thoughtworks/xstream/converters/extended/ToAttributedValueConverter.java:265: Local variable 'type' shadows component of class 'com/thoughtworks/xstream/converters/extended/ToAttributedValueConverter'.
./test4/com/thoughtworks/xstream/converters/extended/ToAttributedValueConverter.java:271: Local variable 'type' shadows component of class 'com/thoughtworks/xstream/converters/extended/ToAttributedValueConverter'.
java/lang/String.java:1: equals() was overridden but not hashCode().
java/lang/Object.java:2: equals() was overridden but not hashCode().
Verification completed: 9 reported messages.
Verification completed: 0 reported messages.
./test4/com/thoughtworks/xstream/io/binary/Token.java:104: Local variable 'id' shadows component of class 'com/thoughtworks/xstream/io/binary/Token'.
./test4/com/thoughtworks/xstream/io/binary/Token.java:128: Comparison always produces the same result.
Verification completed: 2 reported messages.
Verification completed: 0 reported messages.
Verification completed: 0 reported messages.
Verification completed: 0 reported messages.
Verification completed: 0 reported messages.
Verification completed: 0 reported messages.
java/lang/Object.java:1: equals() was overridden but not hashCode().
Verification completed: 1 reported messages.
Verification completed: 0 reported messages.
Verification completed: 0 reported messages.
java/lang/String.java:1: equals() was overridden but not hashCode().
java/lang/Object.java:2: equals() was overridden but not hashCode().
Verification completed: 2 reported messages.
Verification completed: 0 reported messages.
Verification completed: 0 reported messages.
Verification completed: 0 reported messages.
Verification completed: 0 reported messages.
Verification completed: 0 reported messages.
Verification completed: 0 reported messages.
java/lang/Object.java:1: equals() was overridden but not hashCode().
Verification completed: 1 reported messages.
java/lang/Runnable.java:1: Method java/lang/Runnable.run() implementing 'Runnable' interface is not synchronized.
Verification completed: 1 reported messages.
Verification completed: 0 reported messages.
Verification completed: 0 reported messages.
java/lang/Object.java:1: equals() was overridden but not hashCode().
Verification completed: 1 reported messages.
java/lang/Object.java:1: equals() was overridden but not hashCode().
Verification completed: 1 reported messages.
java/lang/Object.java:1: equals() was overridden but not hashCode().
Verification completed: 1 reported messages.
java/lang/Object.java:1: equals() was overridden but not hashCode().
Verification completed: 1 reported messages.
Verification completed: 0 reported messages.
Verification completed: 0 reported messages.
Verification completed: 0 reported messages.
Verification completed: 0 reported messages.
Verification completed: 0 reported messages.
Verification completed: 0 reported messages.
Verification completed: 0 reported messages.
Verification completed: 0 reported messages.
Verification completed: 0 reported messages.
Verification completed: 0 reported messages.
./test4/com/thoughtworks/xstream/io/xml/XmlFriendlyNameCoder.java:53: Method java/util/ArrayList.add(java.lang.Object) is not overridden by method with the same name of derived class 'com/thoughtworks/xstream/io/xml/XmlFriendlyNameCoder$1IntPairList'.
Verification completed: 1 reported messages.
./test4/com/thoughtworks/xstream/io/xml/XmlFriendlyNameCoder.java:120: Local variable 'escapeCharReplacement' shadows component of class 'com/thoughtworks/xstream/io/xml/XmlFriendlyNameCoder'.
./test4/com/thoughtworks/xstream/io/xml/XmlFriendlyNameCoder.java:120: Local variable 'dollarReplacement' shadows component of class 'com/thoughtworks/xstream/io/xml/XmlFriendlyNameCoder'.
Verification completed: 2 reported messages.
Verification completed: 0 reported messages.
Verification completed: 0 reported messages.
Verification completed: 0 reported messages.
Verification completed: 0 reported messages.
java/lang/String.java:1: equals() was overridden but not hashCode().
Verification completed: 1 reported messages.
Verification completed: 0 reported messages.
Verification completed: 0 reported messages.
Verification completed: 0 reported messages.
./test4/com/thoughtworks/xstream/io/xml/XomDriver.java:42: Local variable 'builder' shadows component of class 'com/thoughtworks/xstream/io/xml/XomDriver'.
./test4/com/thoughtworks/xstream/io/xml/XomDriver.java:73: Local variable 'builder' shadows component of class 'com/thoughtworks/xstream/io/xml/XomDriver'.
Verification completed: 2 reported messages.
Verification completed: 0 reported messages.
Verification completed: 0 reported messages.
Verification completed: 0 reported messages.
Verification completed: 0 reported messages.
Verification completed: 0 reported messages.
Verification completed: 0 reported messages.
./test4/com/thoughtworks/xstream/io/xml/xppdom/XppDom.java:82: Local variable 'name' shadows component of class 'com/thoughtworks/xstream/io/xml/xppdom/XppDom'.
./test4/com/thoughtworks/xstream/io/xml/xppdom/XppDom.java:86: Local variable 'value' shadows component of class 'com/thoughtworks/xstream/io/xml/xppdom/XppDom'.
./test4/com/thoughtworks/xstream/io/xml/xppdom/XppDom.java:86: Local variable 'name' shadows component of class 'com/thoughtworks/xstream/io/xml/xppdom/XppDom'.
./test4/com/thoughtworks/xstream/io/xml/xppdom/XppDom.java:102: Local variable 'name' shadows component of class 'com/thoughtworks/xstream/io/xml/xppdom/XppDom'.
./test4/com/thoughtworks/xstream/io/xml/xppdom/XppDom.java:120: Local variable 'name' shadows component of class 'com/thoughtworks/xstream/io/xml/xppdom/XppDom'.
./test4/com/thoughtworks/xstream/io/xml/xppdom/XppDom.java:200: Local variable 'parent' shadows component of class 'com/thoughtworks/xstream/io/xml/xppdom/XppDom'.
./test4/com/thoughtworks/xstream/io/xml/xppdom/XppDom.java:210: Local variable 'value' shadows component of class 'com/thoughtworks/xstream/io/xml/xppdom/XppDom'.
./test4/com/thoughtworks/xstream/io/xml/xppdom/XppDom.java:209: Local variable 'name' shadows component of class 'com/thoughtworks/xstream/io/xml/xppdom/XppDom'.
./test4/com/thoughtworks/xstream/io/xml/xppdom/XppDom.java:222: Compared expressions can be equal only when both of them are 0.
./test4/com/thoughtworks/xstream/io/xml/xppdom/XppDom.java:229: Compared expressions can be equal only when both of them are 0.
java/lang/String.java:1: equals() was overridden but not hashCode().
Verification completed: 11 reported messages.
./test4/com/thoughtworks/xstream/io/xml/xppdom/XppDomComparator.java:50: Local variable 'xpath' shadows component of class 'com/thoughtworks/xstream/io/xml/xppdom/XppDomComparator'.
./test4/com/thoughtworks/xstream/io/xml/xppdom/XppDomComparator.java:64: Local variable 'xpath' shadows component of class 'com/thoughtworks/xstream/io/xml/xppdom/XppDomComparator'.
Verification completed: 2 reported messages.
Verification completed: 0 reported messages.
Verification completed: 0 reported messages.
Verification completed: 0 reported messages.
Verification completed: 0 reported messages.
Verification completed: 0 reported messages.
./test4/com/thoughtworks/xstream/io/xml/XppReader.java:43: Local variable 'parser' shadows component of class 'com/thoughtworks/xstream/io/xml/XppReader'.
./test4/com/thoughtworks/xstream/io/xml/XppReader.java:43: Local variable 'reader' shadows component of class 'com/thoughtworks/xstream/io/xml/XppReader'.
./test4/com/thoughtworks/xstream/io/xml/XppReader.java:70: Local variable 'reader' shadows component of class 'com/thoughtworks/xstream/io/xml/XppReader'.
Verification completed: 3 reported messages.
Verification completed: 0 reported messages.
Verification completed: 0 reported messages.
Verification completed: 0 reported messages.
Verification completed: 0 reported messages.
Verification completed: 0 reported messages.
Verification completed: 0 reported messages.
Verification completed: 0 reported messages.
Verification completed: 0 reported messages.
Verification completed: 0 reported messages.
./test4/com/thoughtworks/xstream/XStream.java:343: Local variable 'reflectionProvider' shadows component of class 'com/thoughtworks/xstream/XStream'.
./test4/com/thoughtworks/xstream/XStream.java:353: Local variable 'hierarchicalStreamDriver' shadows component of class 'com/thoughtworks/xstream/XStream'.
./test4/com/thoughtworks/xstream/XStream.java:364: Local variable 'hierarchicalStreamDriver' shadows component of class 'com/thoughtworks/xstream/XStream'.
./test4/com/thoughtworks/xstream/XStream.java:364: Local variable 'reflectionProvider' shadows component of class 'com/thoughtworks/xstream/XStream'.
./test4/com/thoughtworks/xstream/XStream.java:378: Local variable 'mapper' shadows component of class 'com/thoughtworks/xstream/XStream'.
./test4/com/thoughtworks/xstream/XStream.java:378: Local variable 'reflectionProvider' shadows component of class 'com/thoughtworks/xstream/XStream'.
./test4/com/thoughtworks/xstream/XStream.java:393: Local variable 'reflectionProvider' shadows component of class 'com/thoughtworks/xstream/XStream'.
./test4/com/thoughtworks/xstream/XStream.java:412: Local variable 'mapper' shadows component of class 'com/thoughtworks/xstream/XStream'.
./test4/com/thoughtworks/xstream/XStream.java:412: Local variable 'reflectionProvider' shadows component of class 'com/thoughtworks/xstream/XStream'.
./test4/com/thoughtworks/xstream/XStream.java:460: Local variable 'mapper' shadows component of class 'com/thoughtworks/xstream/XStream'.
Verification completed: 10 reported messages.
Verification completed: 0 reported messages.
Verification completed: 0 reported messages.
Verification completed: 0 reported messages.
Verification completed: 0 reported messages.
./test4/com/thoughtworks/xstream/XStreamException.java:53: Local variable 'cause' shadows component of class 'com/thoughtworks/xstream/XStreamException'.
Verification completed: 1 reported messages.
Verification completed: 0 reported messages.
Verification completed: 0 reported messages.
Verification completed: 0 reported messages.
Verification completed: 0 reported messages.
Verification completed: 0 reported messages.
