
==== Found a thread safety violation! ====
Sequential prefix:
final java11.io.StringBufferInputStream var0 = new java11.io.StringBufferInputStream((java.lang.String) "XE.]V");
final java11.io.BufferedInputStream var1 = new java11.io.BufferedInputStream((java11.io.InputStream) var0);
final boolean var2 = var1.markSupported();
var1.mark((int) 1);
final long var3 = var1.skip((long) 100L);
var1.mark((int) 3);
final long var4 = var1.skip((long) 3L);

Concurrent suffixes:

final long var5 = var1.skip((long) var3);
final int var6 = var1.read();

vs.

var1.close();
var1.close();

Exception Found : java.lang.NullPointerException
	at java11.io.BufferedInputStream.fill(BufferedInputStream.java:165)
	at java11.io.BufferedInputStream.skip(BufferedInputStream.java:309)
	at sun.reflect.GeneratedMethodAccessor7.invoke(Unknown Source)
	at sun.reflect.DelegatingMethodAccessorImpl.invoke(DelegatingMethodAccessorImpl.java:43)
	at java.lang.reflect.Method.invoke(Method.java:498)
	at contege.MethodAtom$$anonfun$1.apply(Atom.scala:58)
	at contege.MethodAtom$$anonfun$1.apply(Atom.scala:54)
	at contege.seqexec.reflective.TimedExecutionThread.run(TimedExecutionThread.scala:18)

null
Time (seconds): 1310
