
==== Found a thread safety violation! ====
Sequential prefix:
final org.jfree.data.time.Day var0 = new org.jfree.data.time.Day();
final org.jfree.data.time.RegularTimePeriod var1 = var0.next();
final java.util.TimeZone var2 = org.jfree.data.time.RegularTimePeriod.DEFAULT_TIME_ZONE;
final long var3 = var0.getFirstMillisecond((java.util.TimeZone) var2);
final org.jfree.data.time.RegularTimePeriod var4 = org.jfree.data.time.RegularTimePeriod.createInstance((java.lang.Class) null, (java.util.Date) null, (java.util.TimeZone) null);
final java.lang.String var5 = var0.toString();
final long var6 = var0.getSerialIndex();

Concurrent suffixes:

final long var7 = var0.getLastMillisecond();
final org.jfree.data.time.Day var8 = org.jfree.data.time.Day.parseDay((java.lang.String) var5);

vs.

final long var7 = var0.getLastMillisecond();
final org.jfree.data.time.Day var8 = org.jfree.data.time.Day.parseDay((java.lang.String) var5);

Exception Found : java.lang.NumberFormatException: For input string: ""
	at java.lang.NumberFormatException.forInputString(NumberFormatException.java:65)
	at java.lang.Long.parseLong(Long.java:601)
	at java.lang.Long.parseLong(Long.java:631)
	at java.text.DigitList.getLong(DigitList.java:195)
	at java.text.DecimalFormat.parse(DecimalFormat.java:2084)
	at java.text.SimpleDateFormat.subParse(SimpleDateFormat.java:1869)
	at java.text.SimpleDateFormat.parse(SimpleDateFormat.java:1514)
	at java.text.DateFormat.parse(DateFormat.java:364)
	at org.jfree.data.time.Day.parseDay(Day.java:465)
	at sun.reflect.GeneratedMethodAccessor1.invoke(Unknown Source)
	at sun.reflect.DelegatingMethodAccessorImpl.invoke(DelegatingMethodAccessorImpl.java:43)
	at java.lang.reflect.Method.invoke(Method.java:498)
	at contege.MethodAtom$$anonfun$1.apply(Atom.scala:58)
	at contege.MethodAtom$$anonfun$1.apply(Atom.scala:54)
	at contege.seqexec.reflective.TimedExecutionThread.run(TimedExecutionThread.scala:18)

For input string: ""
Time (seconds): 10005
