Starting ClassTester at Thu Oct 27 23:53:53 CDT 2022
No specific CUT methods selected
TypeManager has indexed 314 classes
Testing com.aliasi.sentences.MedlineSentenceModel with seed 3
Sequences crashes: java.lang.reflect.InvocationTargetException
Sequences crashes: java.lang.reflect.InvocationTargetException
Sequences crashes: java.lang.reflect.InvocationTargetException
Sequences crashes: java.lang.reflect.InvocationTargetException
Sequences crashes: java.lang.reflect.InvocationTargetException
Sequences crashes: java.lang.reflect.InvocationTargetException
Sequences crashes: java.lang.reflect.InvocationTargetException
Sequences crashes: java.lang.reflect.InvocationTargetException
Sequences crashes: java.lang.reflect.InvocationTargetException
Sequences crashes: java.lang.reflect.InvocationTargetException
Sequences crashes: java.lang.reflect.InvocationTargetException
Sequences crashes: java.lang.reflect.InvocationTargetException
Sequences crashes: java.lang.reflect.InvocationTargetException
Sequences crashes: java.lang.reflect.InvocationTargetException
Sequences crashes: java.lang.reflect.InvocationTargetException
Sequences crashes: java.lang.reflect.InvocationTargetException
New prefix:
final com.aliasi.sentences.MedlineSentenceModel var0 = com.aliasi.sentences.MedlineSentenceModel.INSTANCE;
final boolean var1 = var0.balanceParens();
final boolean var2 = var0.balanceParens();
final boolean var3 = var0.forceFinalStop();
final boolean var4 = var0.balanceParens();
final boolean var5 = var0.forceFinalStop();

Sequences crashes: java.lang.reflect.InvocationTargetException
New suffix 
final boolean var6 = var0.forceFinalStop();
final boolean var7 = var0.balanceParens();

Nb generated tests: 1
==== Starting Java scheduler-based execution ====
Sequences crashes: java.lang.reflect.InvocationTargetException
Sequences crashes: java.lang.reflect.InvocationTargetException
Sequences crashes: java.lang.reflect.InvocationTargetException
New prefix:
final com.aliasi.sentences.MedlineSentenceModel var0 = new com.aliasi.sentences.MedlineSentenceModel();
final boolean var1 = var0.balanceParens();
final boolean var2 = var0.balanceParens();
final boolean var3 = var0.forceFinalStop();
final boolean var4 = var0.balanceParens();
final boolean var5 = var0.balanceParens();

Sequences crashes: java.lang.reflect.InvocationTargetException
Sequences crashes: java.lang.reflect.InvocationTargetException
Sequences crashes: java.lang.reflect.InvocationTargetException
Sequences crashes: java.lang.reflect.InvocationTargetException
Sequences crashes: java.lang.reflect.InvocationTargetException
Sequences crashes: java.lang.reflect.InvocationTargetException
Sequences crashes: java.lang.reflect.InvocationTargetException
Sequences crashes: java.lang.reflect.InvocationTargetException
Sequences crashes: java.lang.reflect.InvocationTargetException
New suffix 
final boolean var6 = var0.forceFinalStop();
final com.aliasi.classify.BernoulliClassifier var7 = new com.aliasi.classify.BernoulliClassifier((com.aliasi.util.FeatureExtractor) null, (double) -100.0d);
final java.lang.String[] var8 = var7.categories();
final int[] var9 = var0.boundaryIndices((java.lang.String[]) var8, (java.lang.String[]) var8, (int) -100, (int) 0);

Nb generated tests: 2
==== Starting Java scheduler-based execution ====
Sequences crashes: java.lang.reflect.InvocationTargetException
Sequences crashes: java.lang.reflect.InvocationTargetException
Sequences crashes: java.lang.reflect.InvocationTargetException
Sequences crashes: java.lang.reflect.InvocationTargetException
Sequences crashes: java.lang.reflect.InvocationTargetException
Sequences crashes: java.lang.reflect.InvocationTargetException
Sequences crashes: java.lang.reflect.InvocationTargetException
Sequences crashes: java.lang.reflect.InvocationTargetException
Sequences crashes: java.lang.reflect.InvocationTargetException
Sequences crashes: java.lang.reflect.InvocationTargetException
Sequences crashes: java.lang.reflect.InvocationTargetException
Sequences crashes: java.lang.reflect.InvocationTargetException
Sequences crashes: java.lang.reflect.InvocationTargetException
Sequences crashes: java.lang.reflect.InvocationTargetException
Sequences crashes: java.lang.reflect.InvocationTargetException
Sequences crashes: java.lang.reflect.InvocationTargetException
Sequences crashes: java.lang.reflect.InvocationTargetException
Sequences crashes: java.lang.reflect.InvocationTargetException
Sequences crashes: java.lang.reflect.InvocationTargetException
Sequences crashes: java.lang.reflect.InvocationTargetException
Sequences crashes: java.lang.reflect.InvocationTargetException
Sequences crashes: java.lang.reflect.InvocationTargetException
Sequences crashes: java.lang.reflect.InvocationTargetException
New prefix:
final com.aliasi.sentences.MedlineSentenceModel var0 = new com.aliasi.sentences.MedlineSentenceModel();
final boolean var1 = var0.balanceParens();
final boolean var2 = var0.balanceParens();
final boolean var3 = var0.forceFinalStop();
final boolean var4 = var0.forceFinalStop();
final boolean var5 = var0.balanceParens();

Sequences crashes: java.lang.reflect.InvocationTargetException
Sequences crashes: java.lang.reflect.InvocationTargetException
Sequences crashes: java.lang.reflect.InvocationTargetException
Sequences crashes: java.lang.reflect.InvocationTargetException
Sequences crashes: java.lang.reflect.InvocationTargetException
Sequences crashes: java.lang.reflect.InvocationTargetException
Sequences crashes: java.lang.reflect.InvocationTargetException
Sequences crashes: java.lang.reflect.InvocationTargetException
New suffix 
final boolean var6 = var0.balanceParens();
final boolean var7 = var0.balanceParens();

Nb generated tests: 3
==== Starting Java scheduler-based execution ====
Sequences crashes: java.lang.reflect.InvocationTargetException
Sequences crashes: java.lang.reflect.InvocationTargetException
Sequences crashes: java.lang.reflect.InvocationTargetException
New prefix:
final com.aliasi.sentences.MedlineSentenceModel var0 = new com.aliasi.sentences.MedlineSentenceModel();
final boolean var1 = var0.balanceParens();
final boolean var2 = var0.forceFinalStop();
final boolean var3 = var0.balanceParens();
final boolean var4 = var0.forceFinalStop();
final boolean var5 = var0.balanceParens();

Sequences crashes: java.lang.reflect.InvocationTargetException
Sequences crashes: java.lang.reflect.InvocationTargetException
New suffix 
final boolean var6 = var0.balanceParens();
final boolean var7 = var0.balanceParens();

Nb generated tests: 4
==== Starting Java scheduler-based execution ====
Sequences crashes: java.lang.reflect.InvocationTargetException
Sequences crashes: java.lang.reflect.InvocationTargetException
Sequences crashes: java.lang.reflect.InvocationTargetException
Sequences crashes: java.lang.reflect.InvocationTargetException
Sequences crashes: java.lang.reflect.InvocationTargetException
Sequences crashes: java.lang.reflect.InvocationTargetException
Sequences crashes: java.lang.reflect.InvocationTargetException
Sequences crashes: java.lang.reflect.InvocationTargetException
Sequences crashes: java.lang.reflect.InvocationTargetException
Sequences crashes: java.lang.reflect.InvocationTargetException
New prefix:
final com.aliasi.sentences.MedlineSentenceModel var0 = com.aliasi.sentences.MedlineSentenceModel.INSTANCE;
final boolean var1 = var0.forceFinalStop();
final boolean var2 = var0.forceFinalStop();
final boolean var3 = var0.forceFinalStop();
final boolean var4 = var0.forceFinalStop();
final boolean var5 = var0.balanceParens();

New suffix 
final boolean var6 = var0.forceFinalStop();
final boolean var7 = var0.balanceParens();

Nb generated tests: 5
==== Starting Java scheduler-based execution ====
Sequences crashes: java.lang.reflect.InvocationTargetException
Sequences crashes: java.lang.reflect.InvocationTargetException
Sequences crashes: java.lang.reflect.InvocationTargetException
Sequences crashes: java.lang.reflect.InvocationTargetException
Sequences crashes: java.lang.reflect.InvocationTargetException
Reached maxTries (10)
Sequences crashes: java.lang.reflect.InvocationTargetException
Sequences crashes: java.lang.reflect.InvocationTargetException
New suffix 
final boolean var6 = var0.balanceParens();
final boolean var7 = var0.balanceParens();

Nb generated tests: 6
==== Starting Java scheduler-based execution ====
Nb generated tests: 7
==== Starting Java scheduler-based execution ====
Sequences crashes: java.lang.reflect.InvocationTargetException
Sequences crashes: java.lang.reflect.InvocationTargetException
Sequences crashes: java.lang.reflect.InvocationTargetException
Sequences crashes: java.lang.reflect.InvocationTargetException
Sequences crashes: java.lang.reflect.InvocationTargetException
Sequences crashes: java.lang.reflect.InvocationTargetException
Sequences crashes: java.lang.reflect.InvocationTargetException
Sequences crashes: java.lang.reflect.InvocationTargetException
Sequences crashes: java.lang.reflect.InvocationTargetException
Reached maxTries (10)
Sequences crashes: java.lang.reflect.InvocationTargetException
Sequences crashes: java.lang.reflect.InvocationTargetException
Sequences crashes: java.lang.reflect.InvocationTargetException
Sequences crashes: java.lang.reflect.InvocationTargetException
Sequences crashes: java.lang.reflect.InvocationTargetException
Sequences crashes: java.lang.reflect.InvocationTargetException
Sequences crashes: java.lang.reflect.InvocationTargetException
Sequences crashes: java.lang.reflect.InvocationTargetException
New suffix 
final boolean var6 = var0.forceFinalStop();
final boolean var7 = var0.forceFinalStop();

Nb generated tests: 8
==== Starting Java scheduler-based execution ====
Nb generated tests: 9
==== Starting Java scheduler-based execution ====
Reached maxTries (10)
Sequences crashes: java.lang.reflect.InvocationTargetException
Sequences crashes: java.lang.reflect.InvocationTargetException
New suffix 
final boolean var6 = var0.forceFinalStop();
final boolean var7 = var0.forceFinalStop();

Nb generated tests: 10
==== Starting Java scheduler-based execution ====
Nb generated tests: 11
==== Starting Java scheduler-based execution ====
Sequences crashes: java.lang.reflect.InvocationTargetException
New suffix 
var0.boundaryIndices((java.lang.String[]) null, (java.lang.String[]) null, (int) -100, (int) 0, (java.util.Collection) null);
final boolean var6 = var0.forceFinalStop();

Nb generated tests: 12
==== Starting Java scheduler-based execution ====
Nb generated tests: 13
==== Starting Java scheduler-based execution ====
New suffix 
final boolean var6 = var0.forceFinalStop();
final boolean var7 = var0.forceFinalStop();

Nb generated tests: 14
==== Starting Java scheduler-based execution ====
Nb generated tests: 15
==== Starting Java scheduler-based execution ====
Nb generated tests: 16
==== Starting Java scheduler-based execution ====
Sequences crashes: java.lang.reflect.InvocationTargetException
Sequences crashes: java.lang.reflect.InvocationTargetException
Sequences crashes: java.lang.reflect.InvocationTargetException
Sequences crashes: java.lang.reflect.InvocationTargetException
Sequences crashes: java.lang.reflect.InvocationTargetException
Sequences crashes: java.lang.reflect.InvocationTargetException
Sequences crashes: java.lang.reflect.InvocationTargetException
Sequences crashes: java.lang.reflect.InvocationTargetException
New suffix 
final boolean var6 = var0.balanceParens();
final boolean var7 = var0.balanceParens();

Nb generated tests: 17
==== Starting Java scheduler-based execution ====
Nb generated tests: 18
==== Starting Java scheduler-based execution ====
Sequences crashes: java.lang.reflect.InvocationTargetException
Sequences crashes: java.lang.reflect.InvocationTargetException
Sequences crashes: java.lang.reflect.InvocationTargetException
Sequences crashes: java.lang.reflect.InvocationTargetException
Sequences crashes: java.lang.reflect.InvocationTargetException
Sequences crashes: java.lang.reflect.InvocationTargetException
Sequences crashes: java.lang.reflect.InvocationTargetException
New suffix 
final boolean var6 = var0.balanceParens();
final boolean var7 = var0.forceFinalStop();

Nb generated tests: 19
==== Starting Java scheduler-based execution ====
Nb generated tests: 20
==== Starting Java scheduler-based execution ====
Nb generated tests: 21
==== Starting Java scheduler-based execution ====
New suffix 
final boolean var6 = var0.forceFinalStop();
final boolean var7 = var0.balanceParens();

Nb generated tests: 22
==== Starting Java scheduler-based execution ====
Nb generated tests: 23
==== Starting Java scheduler-based execution ====
Nb generated tests: 24
==== Starting Java scheduler-based execution ====
New suffix 
final boolean var6 = var0.forceFinalStop();
final boolean var7 = var0.forceFinalStop();

Nb generated tests: 25
==== Starting Java scheduler-based execution ====
Nb generated tests: 26
==== Starting Java scheduler-based execution ====
Nb generated tests: 27
==== Starting Java scheduler-based execution ====
Sequences crashes: java.lang.reflect.InvocationTargetException
Sequences crashes: java.lang.reflect.InvocationTargetException
Sequences crashes: java.lang.reflect.InvocationTargetException
Sequences crashes: java.lang.reflect.InvocationTargetException
New suffix 
final boolean var6 = var0.balanceParens();
final boolean var7 = var0.forceFinalStop();

Nb generated tests: 28
==== Starting Java scheduler-based execution ====
Nb generated tests: 29
==== Starting Java scheduler-based execution ====
Nb generated tests: 30
==== Starting Java scheduler-based execution ====
Nb generated tests: 31
==== Starting Java scheduler-based execution ====
Sequences crashes: java.lang.reflect.InvocationTargetException
Sequences crashes: java.lang.reflect.InvocationTargetException
Sequences crashes: java.lang.reflect.InvocationTargetException
Sequences crashes: java.lang.reflect.InvocationTargetException
Sequences crashes: java.lang.reflect.InvocationTargetException
Sequences crashes: java.lang.reflect.InvocationTargetException
Sequences crashes: java.lang.reflect.InvocationTargetException
New suffix 
final boolean var6 = var0.balanceParens();
final boolean var7 = var0.forceFinalStop();

Nb generated tests: 32
==== Starting Java scheduler-based execution ====
Nb generated tests: 33
==== Starting Java scheduler-based execution ====
Nb generated tests: 34
==== Starting Java scheduler-based execution ====
Sequences crashes: java.lang.reflect.InvocationTargetException
Sequences crashes: java.lang.reflect.InvocationTargetException
Sequences crashes: java.lang.reflect.InvocationTargetException
Sequences crashes: java.lang.reflect.InvocationTargetException
Sequences crashes: java.lang.reflect.InvocationTargetException
Sequences crashes: java.lang.reflect.InvocationTargetException
Sequences crashes: java.lang.reflect.InvocationTargetException
Sequences crashes: java.lang.reflect.InvocationTargetException
Sequences crashes: java.lang.reflect.InvocationTargetException
Sequences crashes: java.lang.reflect.InvocationTargetException
Sequences crashes: java.lang.reflect.InvocationTargetException
Sequences crashes: java.lang.reflect.InvocationTargetException
Sequences crashes: java.lang.reflect.InvocationTargetException
Sequences crashes: java.lang.reflect.InvocationTargetException
Sequences crashes: java.lang.reflect.InvocationTargetException
Sequences crashes: java.lang.reflect.InvocationTargetException
Sequences crashes: java.lang.reflect.InvocationTargetException
Sequences crashes: java.lang.reflect.InvocationTargetException
Sequences crashes: java.lang.reflect.InvocationTargetException
Sequences crashes: java.lang.reflect.InvocationTargetException
Sequences crashes: java.lang.reflect.InvocationTargetException
Sequences crashes: java.lang.reflect.InvocationTargetException
Sequences crashes: java.lang.reflect.InvocationTargetException
Sequences crashes: java.lang.reflect.InvocationTargetException
Sequences crashes: java.lang.reflect.InvocationTargetException
Sequences crashes: java.lang.reflect.InvocationTargetException
Sequences crashes: java.lang.reflect.InvocationTargetException
Sequences crashes: java.lang.reflect.InvocationTargetException
Sequences crashes: java.lang.reflect.InvocationTargetException
Sequences crashes: java.lang.reflect.InvocationTargetException
Sequences crashes: java.lang.reflect.InvocationTargetException
Sequences crashes: java.lang.reflect.InvocationTargetException
Sequences crashes: java.lang.reflect.InvocationTargetException
Sequences crashes: java.lang.reflect.InvocationTargetException
Sequences crashes: java.lang.reflect.InvocationTargetException
Sequences crashes: java.lang.reflect.InvocationTargetException
Sequences crashes: java.lang.reflect.InvocationTargetException
Sequences crashes: java.lang.reflect.InvocationTargetException
Reached maxTries (10)
Sequences crashes: java.lang.reflect.InvocationTargetException
Sequences crashes: java.lang.reflect.InvocationTargetException
Sequences crashes: java.lang.reflect.InvocationTargetException
Sequences crashes: java.lang.reflect.InvocationTargetException
Sequences crashes: java.lang.reflect.InvocationTargetException
Sequences crashes: java.lang.reflect.InvocationTargetException
Sequences crashes: java.lang.reflect.InvocationTargetException
Sequences crashes: java.lang.reflect.InvocationTargetException
Sequences crashes: java.lang.reflect.InvocationTargetException
Sequences crashes: java.lang.reflect.InvocationTargetException
Sequences crashes: java.lang.reflect.InvocationTargetException
Sequences crashes: java.lang.reflect.InvocationTargetException
Sequences crashes: java.lang.reflect.InvocationTargetException
Sequences crashes: java.lang.reflect.InvocationTargetException
Sequences crashes: java.lang.reflect.InvocationTargetException
Sequences crashes: java.lang.reflect.InvocationTargetException
Sequences crashes: java.lang.reflect.InvocationTargetException
Sequences crashes: java.lang.reflect.InvocationTargetException
Sequences crashes: java.lang.reflect.InvocationTargetException
Sequences crashes: java.lang.reflect.InvocationTargetException
Sequences crashes: java.lang.reflect.InvocationTargetException
New suffix 
var0.boundaryIndices((java.lang.String[]) null, (java.lang.String[]) null, (int) -100, (int) 0, (java.util.Collection) null);
final boolean var6 = var0.balanceParens();

Nb generated tests: 35
==== Starting Java scheduler-based execution ====
Nb generated tests: 36
==== Starting Java scheduler-based execution ====
Nb generated tests: 37
==== Starting Java scheduler-based execution ====
Nb generated tests: 38
==== Starting Java scheduler-based execution ====
Sequences crashes: java.lang.reflect.InvocationTargetException
Sequences crashes: java.lang.reflect.InvocationTargetException
Sequences crashes: java.lang.reflect.InvocationTargetException
Reached maxTries (10)
Sequences crashes: java.lang.reflect.InvocationTargetException
Sequences crashes: java.lang.reflect.InvocationTargetException
Sequences crashes: java.lang.reflect.InvocationTargetException
Sequences crashes: java.lang.reflect.InvocationTargetException
Sequences crashes: java.lang.reflect.InvocationTargetException
Sequences crashes: java.lang.reflect.InvocationTargetException
Sequences crashes: java.lang.reflect.InvocationTargetException
Sequences crashes: java.lang.reflect.InvocationTargetException
Sequences crashes: java.lang.reflect.InvocationTargetException
Sequences crashes: java.lang.reflect.InvocationTargetException
Sequences crashes: java.lang.reflect.InvocationTargetException
New suffix 
final boolean var6 = var0.forceFinalStop();
final boolean var7 = var0.balanceParens();

Nb generated tests: 39
==== Starting Java scheduler-based execution ====
Nb generated tests: 40
==== Starting Java scheduler-based execution ====
Nb generated tests: 41
==== Starting Java scheduler-based execution ====
Nb generated tests: 42
==== Starting Java scheduler-based execution ====
Sequences crashes: java.lang.reflect.InvocationTargetException
Sequences crashes: java.lang.reflect.InvocationTargetException
Sequences crashes: java.lang.reflect.InvocationTargetException
New suffix 
final boolean var6 = var0.forceFinalStop();
final boolean var7 = var0.balanceParens();

Nb generated tests: 43
==== Starting Java scheduler-based execution ====
Nb generated tests: 44
==== Starting Java scheduler-based execution ====
Nb generated tests: 45
==== Starting Java scheduler-based execution ====
Nb generated tests: 46
==== Starting Java scheduler-based execution ====
Sequences crashes: java.lang.reflect.InvocationTargetException
Sequences crashes: java.lang.reflect.InvocationTargetException
Sequences crashes: java.lang.reflect.InvocationTargetException
Sequences crashes: java.lang.reflect.InvocationTargetException
Sequences crashes: java.lang.reflect.InvocationTargetException
Sequences crashes: java.lang.reflect.InvocationTargetException
Sequences crashes: java.lang.reflect.InvocationTargetException
Sequences crashes: java.lang.reflect.InvocationTargetException
New suffix 
final boolean var6 = var0.balanceParens();
final java.lang.String[] var7 = com.aliasi.util.Strings.EMPTY_STRING_ARRAY;
final com.aliasi.coref.CachedMention var8 = new com.aliasi.coref.CachedMention((java.lang.String) null, (java.lang.String) null, (java.util.Set) null, (java.lang.String[]) var7, (java.lang.String) "", (boolean) true);
final java.lang.String[] var9 = var8.normalTokens();
final com.aliasi.symbol.SymbolTableCompiler var10 = new com.aliasi.symbol.SymbolTableCompiler();
final java.lang.String[] var11 = var10.symbols();
final int[] var12 = var0.boundaryIndices((java.lang.String[]) var9, (java.lang.String[]) var11, (int) -100, (int) 1);

Nb generated tests: 47
==== Starting Java scheduler-based execution ====
Nb generated tests: 48
==== Starting Java scheduler-based execution ====
Nb generated tests: 49
==== Starting Java scheduler-based execution ====
Nb generated tests: 50
==== Starting Java scheduler-based execution ====
Nb generated tests: 51
==== Starting Java scheduler-based execution ====

=== Statistics:  ===
Executed sequences: 335
   Failed         : 212
Concurrent runs: 5100
   Succeeded   : 5100
   Failed      : 0
Sequential interleavings: 0
------------
Too long sequence: 0
Failed call CUT tasks: 0 / 66
Reasons for failed call CUT tasks:
   5 -- couldn't find param of type [Ljava.lang.String;
Reasons for failed state changer call tasks:
Tasks started:
   250 -- GetParamTask for [Ljava.lang.String;
   128 -- GetParamTask for int
   32 -- GetParamTask for java.util.Collection
Tasks failed:
   5 -- GetParamTask for [Ljava.lang.String;
Null parameters:
   3 -- java.io.ObjectInput
   2 -- [Z
   1 -- [Lcom.aliasi.util.FeatureExtractor;
   1 -- [Lcom.aliasi.lm.LanguageModel$Dynamic;
   1 -- [[Z
No parameter found:

-------------------------
Successful / inconclusive JPF runs: 0 / 0
====================
--- Timer: 
52119 --- conc_exec
22896 --- gen
22343 --- candExec
-----------(end)
Sequences crashes: java.lang.reflect.InvocationTargetException
Sequences crashes: java.lang.reflect.InvocationTargetException
Sequences crashes: java.lang.reflect.InvocationTargetException
Sequences crashes: java.lang.reflect.InvocationTargetException
Sequences crashes: java.lang.reflect.InvocationTargetException
Sequences crashes: java.lang.reflect.InvocationTargetException
Sequences crashes: java.lang.reflect.InvocationTargetException
Sequences crashes: java.lang.reflect.InvocationTargetException
Sequences crashes: java.lang.reflect.InvocationTargetException
Sequences crashes: java.lang.reflect.InvocationTargetException
Sequences crashes: java.lang.reflect.InvocationTargetException
Sequences crashes: java.lang.reflect.InvocationTargetException
Sequences crashes: java.lang.reflect.InvocationTargetException
Sequences crashes: java.lang.reflect.InvocationTargetException
Sequences crashes: java.lang.reflect.InvocationTargetException
Sequences crashes: java.lang.reflect.InvocationTargetException
Sequences crashes: java.lang.reflect.InvocationTargetException
Sequences crashes: java.lang.reflect.InvocationTargetException
Sequences crashes: java.lang.reflect.InvocationTargetException
Sequences crashes: java.lang.reflect.InvocationTargetException
Sequences crashes: java.lang.reflect.InvocationTargetException

=== Statistics:  ===
Executed sequences: 360
   Failed         : 233
Concurrent runs: 5100
   Succeeded   : 5100
   Failed      : 0
Sequential interleavings: 0
------------
Too long sequence: 0
Failed call CUT tasks: 0 / 72
Reasons for failed call CUT tasks:
   5 -- couldn't find param of type [Ljava.lang.String;
Reasons for failed state changer call tasks:
Tasks started:
   276 -- GetParamTask for [Ljava.lang.String;
   144 -- GetParamTask for int
   35 -- GetParamTask for java.util.Collection
Tasks failed:
   5 -- GetParamTask for [Ljava.lang.String;
Null parameters:
   3 -- java.io.ObjectInput
   2 -- [Z
   1 -- [Lcom.aliasi.util.FeatureExtractor;
   1 -- [Lcom.aliasi.lm.LanguageModel$Dynamic;
   1 -- [[Z
No parameter found:

-------------------------
Successful / inconclusive JPF runs: 0 / 0
====================
--- Timer: 
52119 --- conc_exec
40049 --- gen
39371 --- candExec
-----------(end)
New suffix 
final boolean var6 = var0.forceFinalStop();
final boolean var7 = var0.forceFinalStop();

Nb generated tests: 52
==== Starting Java scheduler-based execution ====
Nb generated tests: 53
==== Starting Java scheduler-based execution ====
Nb generated tests: 54
==== Starting Java scheduler-based execution ====
Nb generated tests: 55
==== Starting Java scheduler-based execution ====
Nb generated tests: 56
==== Starting Java scheduler-based execution ====
Nb generated tests: 57
==== Starting Java scheduler-based execution ====
Sequences crashes: java.lang.reflect.InvocationTargetException
Sequences crashes: java.lang.reflect.InvocationTargetException
Sequences crashes: java.lang.reflect.InvocationTargetException
Sequences crashes: java.lang.reflect.InvocationTargetException
Sequences crashes: java.lang.reflect.InvocationTargetException
Sequences crashes: java.lang.reflect.InvocationTargetException
Sequences crashes: java.lang.reflect.InvocationTargetException
Sequences crashes: java.lang.reflect.InvocationTargetException
Sequences crashes: java.lang.reflect.InvocationTargetException
Sequences crashes: java.lang.reflect.InvocationTargetException
Sequences crashes: java.lang.reflect.InvocationTargetException
Sequences crashes: java.lang.reflect.InvocationTargetException
Sequences crashes: java.lang.reflect.InvocationTargetException
Sequences crashes: java.lang.reflect.InvocationTargetException
Sequences crashes: java.lang.reflect.InvocationTargetException
Sequences crashes: java.lang.reflect.InvocationTargetException
Sequences crashes: java.lang.reflect.InvocationTargetException
Sequences crashes: java.lang.reflect.InvocationTargetException
Sequences crashes: java.lang.reflect.InvocationTargetException
Sequences crashes: java.lang.reflect.InvocationTargetException
Sequences crashes: java.lang.reflect.InvocationTargetException
Sequences crashes: java.lang.reflect.InvocationTargetException
Sequences crashes: java.lang.reflect.InvocationTargetException
Sequences crashes: java.lang.reflect.InvocationTargetException
Sequences crashes: java.lang.reflect.InvocationTargetException
Sequences crashes: java.lang.reflect.InvocationTargetException
Sequences crashes: java.lang.reflect.InvocationTargetException
Sequences crashes: java.lang.reflect.InvocationTargetException
Sequences crashes: java.lang.reflect.InvocationTargetException
Sequences crashes: java.lang.reflect.InvocationTargetException
Sequences crashes: java.lang.reflect.InvocationTargetException
Sequences crashes: java.lang.reflect.InvocationTargetException
Sequences crashes: java.lang.reflect.InvocationTargetException
New suffix 
final java.lang.String[] var6 = com.aliasi.util.Strings.EMPTY_STRING_ARRAY;
final java.util.HashSet var7 = new java.util.HashSet();
var0.boundaryIndices((java.lang.String[]) var6, (java.lang.String[]) null, (int) 0, (int) 0, (java.util.Collection) var7);
final boolean var8 = var0.balanceParens();

Nb generated tests: 58
==== Starting Java scheduler-based execution ====
Nb generated tests: 59
==== Starting Java scheduler-based execution ====
Nb generated tests: 60
==== Starting Java scheduler-based execution ====
Nb generated tests: 61
==== Starting Java scheduler-based execution ====
Nb generated tests: 62
==== Starting Java scheduler-based execution ====

=== Statistics:  ===
Executed sequences: 404
   Failed         : 266
Concurrent runs: 6200
   Succeeded   : 6200
   Failed      : 0
Sequential interleavings: 0
------------
Too long sequence: 0
Failed call CUT tasks: 0 / 86
Reasons for failed call CUT tasks:
   5 -- couldn't find param of type [Ljava.lang.String;
Reasons for failed state changer call tasks:
Tasks started:
   314 -- GetParamTask for [Ljava.lang.String;
   168 -- GetParamTask for int
   40 -- GetParamTask for java.util.Collection
Tasks failed:
   5 -- GetParamTask for [Ljava.lang.String;
Null parameters:
   3 -- java.io.ObjectInput
   2 -- [Z
   2 -- [Lcom.aliasi.lm.CharSeqCounter;
   1 -- [Lcom.aliasi.util.FeatureExtractor;
   1 -- [Lcom.aliasi.lm.LanguageModel$Dynamic;
No parameter found:

-------------------------
Successful / inconclusive JPF runs: 0 / 0
====================
--- Timer: 
62977 --- conc_exec
58363 --- gen
57497 --- candExec
-----------(end)
Sequences crashes: java.lang.reflect.InvocationTargetException
Sequences crashes: java.lang.reflect.InvocationTargetException
Sequences crashes: java.lang.reflect.InvocationTargetException
New suffix 
final boolean var6 = var0.forceFinalStop();
var0.boundaryIndices((java.lang.String[]) null, (java.lang.String[]) null, (int) 0, (int) 0, (java.util.Collection) null);

Nb generated tests: 63
==== Starting Java scheduler-based execution ====
Nb generated tests: 64
==== Starting Java scheduler-based execution ====
Nb generated tests: 65
==== Starting Java scheduler-based execution ====
Nb generated tests: 66
==== Starting Java scheduler-based execution ====
Nb generated tests: 67
==== Starting Java scheduler-based execution ====
Nb generated tests: 68
==== Starting Java scheduler-based execution ====
Sequences crashes: java.lang.reflect.InvocationTargetException
Sequences crashes: java.lang.reflect.InvocationTargetException
Sequences crashes: java.lang.reflect.InvocationTargetException
Sequences crashes: java.lang.reflect.InvocationTargetException
Sequences crashes: java.lang.reflect.InvocationTargetException
Sequences crashes: java.lang.reflect.InvocationTargetException
Sequences crashes: java.lang.reflect.InvocationTargetException
Sequences crashes: java.lang.reflect.InvocationTargetException
Sequences crashes: java.lang.reflect.InvocationTargetException
Sequences crashes: java.lang.reflect.InvocationTargetException
Sequences crashes: java.lang.reflect.InvocationTargetException
Sequences crashes: java.lang.reflect.InvocationTargetException
Sequences crashes: java.lang.reflect.InvocationTargetException
Sequences crashes: java.lang.reflect.InvocationTargetException
Sequences crashes: java.lang.reflect.InvocationTargetException
Sequences crashes: java.lang.reflect.InvocationTargetException
Sequences crashes: java.lang.reflect.InvocationTargetException
Sequences crashes: java.lang.reflect.InvocationTargetException
Sequences crashes: java.lang.reflect.InvocationTargetException
Sequences crashes: java.lang.reflect.InvocationTargetException
Sequences crashes: java.lang.reflect.InvocationTargetException
Sequences crashes: java.lang.reflect.InvocationTargetException
Sequences crashes: java.lang.reflect.InvocationTargetException
Sequences crashes: java.lang.reflect.InvocationTargetException
Sequences crashes: java.lang.reflect.InvocationTargetException
Sequences crashes: java.lang.reflect.InvocationTargetException
Sequences crashes: java.lang.reflect.InvocationTargetException
Sequences crashes: java.lang.reflect.InvocationTargetException
Sequences crashes: java.lang.reflect.InvocationTargetException
Sequences crashes: java.lang.reflect.InvocationTargetException
Sequences crashes: java.lang.reflect.InvocationTargetException
Sequences crashes: java.lang.reflect.InvocationTargetException
Sequences crashes: java.lang.reflect.InvocationTargetException
New suffix 
final boolean var6 = var0.balanceParens();
final boolean var7 = var0.balanceParens();

Nb generated tests: 69
==== Starting Java scheduler-based execution ====
Nb generated tests: 70
==== Starting Java scheduler-based execution ====
Nb generated tests: 71
==== Starting Java scheduler-based execution ====
Nb generated tests: 72
==== Starting Java scheduler-based execution ====
Sequences crashes: java.lang.reflect.InvocationTargetException
Sequences crashes: java.lang.reflect.InvocationTargetException
New suffix 
var0.boundaryIndices((java.lang.String[]) null, (java.lang.String[]) null, (int) -1, (int) 0, (java.util.Collection) null);
final boolean var6 = var0.forceFinalStop();

Nb generated tests: 73
==== Starting Java scheduler-based execution ====
Nb generated tests: 74
==== Starting Java scheduler-based execution ====
Nb generated tests: 75
==== Starting Java scheduler-based execution ====
Nb generated tests: 76
==== Starting Java scheduler-based execution ====
Nb generated tests: 77
==== Starting Java scheduler-based execution ====

=== Statistics:  ===
Executed sequences: 455
   Failed         : 304
Concurrent runs: 7700
   Succeeded   : 7700
   Failed      : 0
Sequential interleavings: 0
------------
Too long sequence: 0
Failed call CUT tasks: 0 / 108
Reasons for failed call CUT tasks:
   5 -- couldn't find param of type [Ljava.lang.String;
Reasons for failed state changer call tasks:
Tasks started:
   386 -- GetParamTask for [Ljava.lang.String;
   210 -- GetParamTask for int
   47 -- GetParamTask for java.util.Collection
Tasks failed:
   5 -- GetParamTask for [Ljava.lang.String;
Null parameters:
   3 -- java.io.ObjectInput
   2 -- [Z
   2 -- [Lcom.aliasi.lm.CharSeqCounter;
   1 -- [Lcom.aliasi.util.FeatureExtractor;
   1 -- [Lcom.aliasi.lm.LanguageModel$Dynamic;
No parameter found:

-------------------------
Successful / inconclusive JPF runs: 0 / 0
====================
--- Timer: 
73148 --- conc_exec
61997 --- gen
61089 --- candExec
-----------(end)
Sequences crashes: java.lang.reflect.InvocationTargetException
Sequences crashes: java.lang.reflect.InvocationTargetException
Sequences crashes: java.lang.reflect.InvocationTargetException
Sequences crashes: java.lang.reflect.InvocationTargetException
Sequences crashes: java.lang.reflect.InvocationTargetException
Sequences crashes: java.lang.reflect.InvocationTargetException
New suffix 
final boolean var6 = var0.balanceParens();
final boolean var7 = var0.forceFinalStop();

Nb generated tests: 78
==== Starting Java scheduler-based execution ====
Nb generated tests: 79
==== Starting Java scheduler-based execution ====
Nb generated tests: 80
==== Starting Java scheduler-based execution ====
Nb generated tests: 81
==== Starting Java scheduler-based execution ====
Nb generated tests: 82
==== Starting Java scheduler-based execution ====
Nb generated tests: 83
==== Starting Java scheduler-based execution ====
Nb generated tests: 84
==== Starting Java scheduler-based execution ====
Sequences crashes: java.lang.reflect.InvocationTargetException
Sequences crashes: java.lang.reflect.InvocationTargetException
Sequences crashes: java.lang.reflect.InvocationTargetException
Sequences crashes: java.lang.reflect.InvocationTargetException
Sequences crashes: java.lang.reflect.InvocationTargetException
Sequences crashes: java.lang.reflect.InvocationTargetException
Sequences crashes: java.lang.reflect.InvocationTargetException
Sequences crashes: java.lang.reflect.InvocationTargetException
Sequences crashes: java.lang.reflect.InvocationTargetException
Sequences crashes: java.lang.reflect.InvocationTargetException
Sequences crashes: java.lang.reflect.InvocationTargetException
Sequences crashes: java.lang.reflect.InvocationTargetException
Sequences crashes: java.lang.reflect.InvocationTargetException
Sequences crashes: java.lang.reflect.InvocationTargetException

=== Statistics:  ===
Executed sequences: 480
   Failed         : 324
Concurrent runs: 8400
   Succeeded   : 8400
   Failed      : 0
Sequential interleavings: 0
------------
Too long sequence: 0
Failed call CUT tasks: 0 / 120
Reasons for failed call CUT tasks:
   5 -- couldn't find param of type [Ljava.lang.String;
Reasons for failed state changer call tasks:
Tasks started:
   418 -- GetParamTask for [Ljava.lang.String;
   228 -- GetParamTask for int
   50 -- GetParamTask for java.util.Collection
Tasks failed:
   5 -- GetParamTask for [Ljava.lang.String;
Null parameters:
   3 -- java.io.ObjectInput
   3 -- [Z
   2 -- [Lcom.aliasi.lm.CharSeqCounter;
   1 -- [Lcom.aliasi.util.FeatureExtractor;
   1 -- [Lcom.aliasi.lm.LanguageModel$Dynamic;
No parameter found:

-------------------------
Successful / inconclusive JPF runs: 0 / 0
====================
--- Timer: 
77819 --- conc_exec
63078 --- gen
62153 --- candExec
-----------(end)

=== Statistics:  ===
Executed sequences: 480
   Failed         : 324
Concurrent runs: 8400
   Succeeded   : 8400
   Failed      : 0
Sequential interleavings: 0
------------
Too long sequence: 0
Failed call CUT tasks: 0 / 122
Reasons for failed call CUT tasks:
   5 -- couldn't find param of type [Ljava.lang.String;
Reasons for failed state changer call tasks:
Tasks started:
   418 -- GetParamTask for [Ljava.lang.String;
   228 -- GetParamTask for int
   50 -- GetParamTask for java.util.Collection
Tasks failed:
   5 -- GetParamTask for [Ljava.lang.String;
Null parameters:
   3 -- java.io.ObjectInput
   3 -- [Z
   2 -- [Lcom.aliasi.lm.CharSeqCounter;
   1 -- [Lcom.aliasi.util.FeatureExtractor;
   1 -- [Lcom.aliasi.lm.LanguageModel$Dynamic;
No parameter found:

-------------------------
Successful / inconclusive JPF runs: 0 / 0
====================
--- Timer: 
77819 --- conc_exec
63081 --- gen
62156 --- candExec
-----------(end)
Sequences crashes: java.lang.reflect.InvocationTargetException
Sequences crashes: java.lang.reflect.InvocationTargetException
Sequences crashes: java.lang.reflect.InvocationTargetException
Sequences crashes: java.lang.reflect.InvocationTargetException
Sequences crashes: java.lang.reflect.InvocationTargetException
Sequences crashes: java.lang.reflect.InvocationTargetException
Sequences crashes: java.lang.reflect.InvocationTargetException
Sequences crashes: java.lang.reflect.InvocationTargetException
Sequences crashes: java.lang.reflect.InvocationTargetException
Sequences crashes: java.lang.reflect.InvocationTargetException
Sequences crashes: java.lang.reflect.InvocationTargetException
Sequences crashes: java.lang.reflect.InvocationTargetException
Sequences crashes: java.lang.reflect.InvocationTargetException

=== Statistics:  ===
Executed sequences: 494
   Failed         : 337
Concurrent runs: 8400
   Succeeded   : 8400
   Failed      : 0
Sequential interleavings: 0
------------
Too long sequence: 0
Failed call CUT tasks: 0 / 126
Reasons for failed call CUT tasks:
   5 -- couldn't find param of type [Ljava.lang.String;
Reasons for failed state changer call tasks:
Tasks started:
   428 -- GetParamTask for [Ljava.lang.String;
   238 -- GetParamTask for int
   52 -- GetParamTask for java.util.Collection
Tasks failed:
   5 -- GetParamTask for [Ljava.lang.String;
Null parameters:
   3 -- java.io.ObjectInput
   3 -- [Z
   2 -- [Lcom.aliasi.lm.CharSeqCounter;
   1 -- com.aliasi.util.Factory
   1 -- [Lcom.aliasi.util.FeatureExtractor;
No parameter found:

-------------------------
Successful / inconclusive JPF runs: 0 / 0
====================
--- Timer: 
77819 --- conc_exec
63464 --- gen
62529 --- candExec
-----------(end)
New suffix 
var0.boundaryIndices((java.lang.String[]) null, (java.lang.String[]) null, (int) 0, (int) 0, (java.util.Collection) null);
final boolean var6 = var0.forceFinalStop();

Nb generated tests: 85
==== Starting Java scheduler-based execution ====
Nb generated tests: 86
==== Starting Java scheduler-based execution ====
Nb generated tests: 87
==== Starting Java scheduler-based execution ====
Nb generated tests: 88
==== Starting Java scheduler-based execution ====
Nb generated tests: 89
==== Starting Java scheduler-based execution ====
Nb generated tests: 90
==== Starting Java scheduler-based execution ====
Sequences crashes: java.lang.reflect.InvocationTargetException
Sequences crashes: java.lang.reflect.InvocationTargetException
Sequences crashes: java.lang.reflect.InvocationTargetException
Sequences crashes: java.lang.reflect.InvocationTargetException
Sequences crashes: java.lang.reflect.InvocationTargetException
New suffix 
final com.aliasi.util.ObjectToDoubleMap var6 = new com.aliasi.util.ObjectToDoubleMap();
final java.util.List var7 = var6.keysOrderedByValueList();
var0.boundaryIndices((java.lang.String[]) null, (java.lang.String[]) null, (int) 0, (int) 0, (java.util.Collection) var7);
final boolean var8 = var0.balanceParens();

Nb generated tests: 91
==== Starting Java scheduler-based execution ====
Nb generated tests: 92
==== Starting Java scheduler-based execution ====
Nb generated tests: 93
==== Starting Java scheduler-based execution ====
Nb generated tests: 94
==== Starting Java scheduler-based execution ====
Nb generated tests: 95
==== Starting Java scheduler-based execution ====

=== Statistics:  ===
Executed sequences: 504
   Failed         : 342
Concurrent runs: 9500
   Succeeded   : 9500
   Failed      : 0
Sequential interleavings: 0
------------
Too long sequence: 0
Failed call CUT tasks: 0 / 130
Reasons for failed call CUT tasks:
   5 -- couldn't find param of type [Ljava.lang.String;
Reasons for failed state changer call tasks:
Tasks started:
   442 -- GetParamTask for [Ljava.lang.String;
   244 -- GetParamTask for int
   54 -- GetParamTask for java.util.Collection
Tasks failed:
   5 -- GetParamTask for [Ljava.lang.String;
Null parameters:
   3 -- java.io.ObjectInput
   3 -- [Z
   2 -- [Lcom.aliasi.lm.CharSeqCounter;
   1 -- com.aliasi.util.Factory
   1 -- [Lcom.aliasi.util.FeatureExtractor;
No parameter found:

-------------------------
Successful / inconclusive JPF runs: 0 / 0
====================
--- Timer: 
89185 --- conc_exec
63799 --- gen
62855 --- candExec
-----------(end)
Sequences crashes: java.lang.reflect.InvocationTargetException
Sequences crashes: java.lang.reflect.InvocationTargetException
Sequences crashes: java.lang.reflect.InvocationTargetException
Sequences crashes: java.lang.reflect.InvocationTargetException
Sequences crashes: java.lang.reflect.InvocationTargetException
Sequences crashes: java.lang.reflect.InvocationTargetException
Sequences crashes: java.lang.reflect.InvocationTargetException
Sequences crashes: java.lang.reflect.InvocationTargetException
Sequences crashes: java.lang.reflect.InvocationTargetException
Sequences crashes: java.lang.reflect.InvocationTargetException
Sequences crashes: java.lang.reflect.InvocationTargetException
Sequences crashes: java.lang.reflect.InvocationTargetException
Sequences crashes: java.lang.reflect.InvocationTargetException
Sequences crashes: java.lang.reflect.InvocationTargetException
Sequences crashes: java.lang.reflect.InvocationTargetException
Sequences crashes: java.lang.reflect.InvocationTargetException
Sequences crashes: java.lang.reflect.InvocationTargetException
Sequences crashes: java.lang.reflect.InvocationTargetException
Sequences crashes: java.lang.reflect.InvocationTargetException

=== Statistics:  ===
Executed sequences: 529
   Failed         : 361
Concurrent runs: 9500
   Succeeded   : 9500
   Failed      : 0
Sequential interleavings: 0
------------
Too long sequence: 0
Failed call CUT tasks: 0 / 132
Reasons for failed call CUT tasks:
   5 -- couldn't find param of type [Ljava.lang.String;
Reasons for failed state changer call tasks:
Tasks started:
   466 -- GetParamTask for [Ljava.lang.String;
   260 -- GetParamTask for int
   59 -- GetParamTask for java.util.Collection
Tasks failed:
   5 -- GetParamTask for [Ljava.lang.String;
Null parameters:
   4 -- java.io.ObjectInput
   3 -- [Z
   2 -- [Lcom.aliasi.lm.CharSeqCounter;
   1 -- com.aliasi.util.Factory
   1 -- [Lcom.aliasi.util.FeatureExtractor;
No parameter found:

-------------------------
Successful / inconclusive JPF runs: 0 / 0
====================
--- Timer: 
89185 --- conc_exec
65260 --- gen
63602 --- candExec
-----------(end)
Sequences crashes: java.lang.reflect.InvocationTargetException
Sequences crashes: java.lang.reflect.InvocationTargetException
Sequences crashes: java.lang.reflect.InvocationTargetException
Sequences crashes: java.lang.reflect.InvocationTargetException
Sequences crashes: java.lang.reflect.InvocationTargetException
Sequences crashes: java.lang.reflect.InvocationTargetException
Sequences crashes: java.lang.reflect.InvocationTargetException
Sequences crashes: java.lang.reflect.InvocationTargetException
Sequences crashes: java.lang.reflect.InvocationTargetException
Sequences crashes: java.lang.reflect.InvocationTargetException
Sequences crashes: java.lang.reflect.InvocationTargetException
Sequences crashes: java.lang.reflect.InvocationTargetException
Sequences crashes: java.lang.reflect.InvocationTargetException
Sequences crashes: java.lang.reflect.InvocationTargetException
Sequences crashes: java.lang.reflect.InvocationTargetException
Sequences crashes: java.lang.reflect.InvocationTargetException
Sequences crashes: java.lang.reflect.InvocationTargetException
Reached maxTries (10)
Sequences crashes: java.lang.reflect.InvocationTargetException
Sequences crashes: java.lang.reflect.InvocationTargetException
New suffix 
final boolean var6 = var0.forceFinalStop();
final com.aliasi.classify.BinaryLMClassifier var7 = new com.aliasi.classify.BinaryLMClassifier((com.aliasi.lm.LanguageModel.Dynamic) null, (double) 2.0d);
final java.lang.String[] var8 = var7.categories();
final com.aliasi.dict.TrieDictionary var9 = new com.aliasi.dict.TrieDictionary();
final java.util.List var10 = var9.entryList();
var0.boundaryIndices((java.lang.String[]) var8, (java.lang.String[]) null, (int) 0, (int) -100, (java.util.Collection) var10);

Nb generated tests: 96
==== Starting Java scheduler-based execution ====
Nb generated tests: 97
==== Starting Java scheduler-based execution ====
Nb generated tests: 98
==== Starting Java scheduler-based execution ====
Nb generated tests: 99
==== Starting Java scheduler-based execution ====
Nb generated tests: 100
==== Starting Java scheduler-based execution ====

=== Statistics:  ===
Executed sequences: 556
   Failed         : 380
Concurrent runs: 10000
   Succeeded   : 10000
   Failed      : 0
Sequential interleavings: 0
------------
Too long sequence: 0
Failed call CUT tasks: 0 / 144
Reasons for failed call CUT tasks:
   6 -- couldn't find param of type [Ljava.lang.String;
Reasons for failed state changer call tasks:
Tasks started:
   485 -- GetParamTask for [Ljava.lang.String;
   274 -- GetParamTask for int
   63 -- GetParamTask for java.util.Collection
Tasks failed:
   6 -- GetParamTask for [Ljava.lang.String;
Null parameters:
   4 -- java.io.ObjectInput
   3 -- [Z
   2 -- [Lcom.aliasi.lm.LanguageModel$Dynamic;
   2 -- [Lcom.aliasi.lm.CharSeqCounter;
   1 -- com.aliasi.util.Factory
No parameter found:

-------------------------
Successful / inconclusive JPF runs: 0 / 0
====================
--- Timer: 
96286 --- conc_exec
66775 --- gen
65093 --- candExec
-----------(end)
Sequences crashes: java.lang.reflect.InvocationTargetException
Sequences crashes: java.lang.reflect.InvocationTargetException
Sequences crashes: java.lang.reflect.InvocationTargetException
Sequences crashes: java.lang.reflect.InvocationTargetException
Sequences crashes: java.lang.reflect.InvocationTargetException
Sequences crashes: java.lang.reflect.InvocationTargetException
Sequences crashes: java.lang.reflect.InvocationTargetException
Sequences crashes: java.lang.reflect.InvocationTargetException
Sequences crashes: java.lang.reflect.InvocationTargetException
Sequences crashes: java.lang.reflect.InvocationTargetException
Sequences crashes: java.lang.reflect.InvocationTargetException

=== Statistics:  ===
Executed sequences: 569
   Failed         : 391
Concurrent runs: 10000
   Succeeded   : 10000
   Failed      : 0
Sequential interleavings: 0
------------
Too long sequence: 0
Failed call CUT tasks: 0 / 148
Reasons for failed call CUT tasks:
   6 -- couldn't find param of type [Ljava.lang.String;
Reasons for failed state changer call tasks:
Tasks started:
   503 -- GetParamTask for [Ljava.lang.String;
   286 -- GetParamTask for int
   63 -- GetParamTask for java.util.Collection
Tasks failed:
   6 -- GetParamTask for [Ljava.lang.String;
Null parameters:
   4 -- java.io.ObjectInput
   3 -- [Z
   2 -- [Lcom.aliasi.lm.LanguageModel$Dynamic;
   2 -- [Lcom.aliasi.lm.CharSeqCounter;
   1 -- com.aliasi.util.Factory
No parameter found:

-------------------------
Successful / inconclusive JPF runs: 0 / 0
====================
--- Timer: 
96286 --- conc_exec
67931 --- gen
66237 --- candExec
-----------(end)
New suffix 
final boolean var6 = var0.balanceParens();
final boolean var7 = var0.forceFinalStop();

Nb generated tests: 101
==== Starting Java scheduler-based execution ====
Nb generated tests: 102
==== Starting Java scheduler-based execution ====
Nb generated tests: 103
==== Starting Java scheduler-based execution ====
Nb generated tests: 104
==== Starting Java scheduler-based execution ====
Nb generated tests: 105
==== Starting Java scheduler-based execution ====
Nb generated tests: 106
==== Starting Java scheduler-based execution ====
New suffix 
final boolean var6 = var0.forceFinalStop();
var0.boundaryIndices((java.lang.String[]) null, (java.lang.String[]) null, (int) 0, (int) 0, (java.util.Collection) null);

Nb generated tests: 107
==== Starting Java scheduler-based execution ====
Nb generated tests: 108
==== Starting Java scheduler-based execution ====
Nb generated tests: 109
==== Starting Java scheduler-based execution ====
Nb generated tests: 110
==== Starting Java scheduler-based execution ====
Nb generated tests: 111
==== Starting Java scheduler-based execution ====
Nb generated tests: 112
==== Starting Java scheduler-based execution ====
Nb generated tests: 113
==== Starting Java scheduler-based execution ====
Sequences crashes: java.lang.reflect.InvocationTargetException
Sequences crashes: java.lang.reflect.InvocationTargetException
Sequences crashes: java.lang.reflect.InvocationTargetException

=== Statistics:  ===
Executed sequences: 575
   Failed         : 394
Concurrent runs: 11300
   Succeeded   : 11300
   Failed      : 0
Sequential interleavings: 0
------------
Too long sequence: 0
Failed call CUT tasks: 0 / 154
Reasons for failed call CUT tasks:
   6 -- couldn't find param of type [Ljava.lang.String;
Reasons for failed state changer call tasks:
Tasks started:
   509 -- GetParamTask for [Ljava.lang.String;
   290 -- GetParamTask for int
   64 -- GetParamTask for java.util.Collection
Tasks failed:
   6 -- GetParamTask for [Ljava.lang.String;
Null parameters:
   4 -- java.io.ObjectInput
   3 -- [Z
   2 -- [Lcom.aliasi.lm.LanguageModel$Dynamic;
   2 -- [Lcom.aliasi.lm.CharSeqCounter;
   1 -- com.aliasi.util.Factory
No parameter found:

-------------------------
Successful / inconclusive JPF runs: 0 / 0
====================
--- Timer: 
105898 --- conc_exec
68356 --- gen
66658 --- candExec
-----------(end)
Sequences crashes: java.lang.reflect.InvocationTargetException
Sequences crashes: java.lang.reflect.InvocationTargetException
Sequences crashes: java.lang.reflect.InvocationTargetException
New suffix 
final java.util.HashSet var6 = new java.util.HashSet();
var0.boundaryIndices((java.lang.String[]) null, (java.lang.String[]) null, (int) -3, (int) 1, (java.util.Collection) var6);
final boolean var7 = var0.balanceParens();

Nb generated tests: 114
==== Starting Java scheduler-based execution ====
Nb generated tests: 115
==== Starting Java scheduler-based execution ====
Nb generated tests: 116
==== Starting Java scheduler-based execution ====
Nb generated tests: 117
==== Starting Java scheduler-based execution ====
Nb generated tests: 118
==== Starting Java scheduler-based execution ====
Nb generated tests: 119
==== Starting Java scheduler-based execution ====
Nb generated tests: 120
==== Starting Java scheduler-based execution ====
Sequences crashes: java.lang.reflect.InvocationTargetException

=== Statistics:  ===
Executed sequences: 582
   Failed         : 398
Concurrent runs: 12000
   Succeeded   : 12000
   Failed      : 0
Sequential interleavings: 0
------------
Too long sequence: 0
Failed call CUT tasks: 0 / 160
Reasons for failed call CUT tasks:
   6 -- couldn't find param of type [Ljava.lang.String;
Reasons for failed state changer call tasks:
Tasks started:
   519 -- GetParamTask for [Ljava.lang.String;
   292 -- GetParamTask for int
   65 -- GetParamTask for java.util.Collection
Tasks failed:
   6 -- GetParamTask for [Ljava.lang.String;
Null parameters:
   5 -- java.io.ObjectInput
   3 -- [Z
   2 -- [Lcom.aliasi.lm.LanguageModel$Dynamic;
   2 -- [Lcom.aliasi.lm.CharSeqCounter;
   1 -- com.aliasi.util.Factory
No parameter found:

-------------------------
Successful / inconclusive JPF runs: 0 / 0
====================
--- Timer: 
111139 --- conc_exec
68850 --- gen
67148 --- candExec
-----------(end)
Sequences crashes: java.lang.reflect.InvocationTargetException
Sequences crashes: java.lang.reflect.InvocationTargetException
Sequences crashes: java.lang.reflect.InvocationTargetException
Sequences crashes: java.lang.reflect.InvocationTargetException
Sequences crashes: java.lang.reflect.InvocationTargetException
Sequences crashes: java.lang.reflect.InvocationTargetException
Sequences crashes: java.lang.reflect.InvocationTargetException
Sequences crashes: java.lang.reflect.InvocationTargetException
Sequences crashes: java.lang.reflect.InvocationTargetException
Sequences crashes: java.lang.reflect.InvocationTargetException
Sequences crashes: java.lang.reflect.InvocationTargetException
Sequences crashes: java.lang.reflect.InvocationTargetException
Sequences crashes: java.lang.reflect.InvocationTargetException
Sequences crashes: java.lang.reflect.InvocationTargetException
Sequences crashes: java.lang.reflect.InvocationTargetException
Sequences crashes: java.lang.reflect.InvocationTargetException
Sequences crashes: java.lang.reflect.InvocationTargetException
Sequences crashes: java.lang.reflect.InvocationTargetException
Sequences crashes: java.lang.reflect.InvocationTargetException
Sequences crashes: java.lang.reflect.InvocationTargetException
Sequences crashes: java.lang.reflect.InvocationTargetException
Reached maxTries (10)

=== Statistics:  ===
Executed sequences: 610
   Failed         : 419
Concurrent runs: 12000
   Succeeded   : 12000
   Failed      : 0
Sequential interleavings: 0
------------
Too long sequence: 1
Failed call CUT tasks: 0 / 163
Reasons for failed call CUT tasks:
   7 -- couldn't find param of type [Ljava.lang.String;
Reasons for failed state changer call tasks:
Tasks started:
   547 -- GetParamTask for [Ljava.lang.String;
   308 -- GetParamTask for int
   69 -- GetParamTask for java.util.Collection
Tasks failed:
   7 -- GetParamTask for [Ljava.lang.String;
Null parameters:
   5 -- java.io.ObjectInput
   3 -- [Z
   2 -- [Lcom.aliasi.lm.LanguageModel$Dynamic;
   2 -- [Lcom.aliasi.lm.CharSeqCounter;
   1 -- com.aliasi.util.Factory
No parameter found:

-------------------------
Successful / inconclusive JPF runs: 0 / 0
====================
--- Timer: 
111139 --- conc_exec
71324 --- gen
69387 --- candExec
-----------(end)
Sequences crashes: java.lang.reflect.InvocationTargetException
Sequences crashes: java.lang.reflect.InvocationTargetException
Sequences crashes: java.lang.reflect.InvocationTargetException
Sequences crashes: java.lang.reflect.InvocationTargetException
Sequences crashes: java.lang.reflect.InvocationTargetException
Sequences crashes: java.lang.reflect.InvocationTargetException
Sequences crashes: java.lang.reflect.InvocationTargetException
Sequences crashes: java.lang.reflect.InvocationTargetException
Sequences crashes: java.lang.reflect.InvocationTargetException
Sequences crashes: java.lang.reflect.InvocationTargetException
Sequences crashes: java.lang.reflect.InvocationTargetException
Sequences crashes: java.lang.reflect.InvocationTargetException
Sequences crashes: java.lang.reflect.InvocationTargetException
Sequences crashes: java.lang.reflect.InvocationTargetException
Sequences crashes: java.lang.reflect.InvocationTargetException
Sequences crashes: java.lang.reflect.InvocationTargetException
Sequences crashes: java.lang.reflect.InvocationTargetException
Sequences crashes: java.lang.reflect.InvocationTargetException
Sequences crashes: java.lang.reflect.InvocationTargetException
Sequences crashes: java.lang.reflect.InvocationTargetException
Sequences crashes: java.lang.reflect.InvocationTargetException
Sequences crashes: java.lang.reflect.InvocationTargetException
Sequences crashes: java.lang.reflect.InvocationTargetException
Sequences crashes: java.lang.reflect.InvocationTargetException
Sequences crashes: java.lang.reflect.InvocationTargetException
Sequences crashes: java.lang.reflect.InvocationTargetException
Sequences crashes: java.lang.reflect.InvocationTargetException
Sequences crashes: java.lang.reflect.InvocationTargetException
Sequences crashes: java.lang.reflect.InvocationTargetException
Sequences crashes: java.lang.reflect.InvocationTargetException

=== Statistics:  ===
Executed sequences: 648
   Failed         : 449
Concurrent runs: 12000
   Succeeded   : 12000
   Failed      : 0
Sequential interleavings: 0
------------
Too long sequence: 1
Failed call CUT tasks: 0 / 179
Reasons for failed call CUT tasks:
   7 -- couldn't find param of type [Ljava.lang.String;
Reasons for failed state changer call tasks:
Tasks started:
   591 -- GetParamTask for [Ljava.lang.String;
   332 -- GetParamTask for int
   73 -- GetParamTask for java.util.Collection
Tasks failed:
   7 -- GetParamTask for [Ljava.lang.String;
Null parameters:
   5 -- java.io.ObjectInput
   3 -- [Z
   2 -- [Lcom.aliasi.lm.LanguageModel$Dynamic;
   2 -- [Lcom.aliasi.lm.CharSeqCounter;
   1 -- com.aliasi.util.Factory
No parameter found:

-------------------------
Successful / inconclusive JPF runs: 0 / 0
====================
--- Timer: 
111139 --- conc_exec
72832 --- gen
70786 --- candExec
-----------(end)
Sequences crashes: java.lang.reflect.InvocationTargetException
Sequences crashes: java.lang.reflect.InvocationTargetException
Sequences crashes: java.lang.reflect.InvocationTargetException
Sequences crashes: java.lang.reflect.InvocationTargetException

=== Statistics:  ===
Executed sequences: 653
   Failed         : 453
Concurrent runs: 12000
   Succeeded   : 12000
   Failed      : 0
Sequential interleavings: 0
------------
Too long sequence: 1
Failed call CUT tasks: 0 / 185
Reasons for failed call CUT tasks:
   7 -- couldn't find param of type [Ljava.lang.String;
Reasons for failed state changer call tasks:
Tasks started:
   595 -- GetParamTask for [Ljava.lang.String;
   334 -- GetParamTask for int
   73 -- GetParamTask for java.util.Collection
Tasks failed:
   7 -- GetParamTask for [Ljava.lang.String;
Null parameters:
   5 -- java.io.ObjectInput
   3 -- [Z
   2 -- [Lcom.aliasi.lm.LanguageModel$Dynamic;
   2 -- [Lcom.aliasi.lm.CharSeqCounter;
   1 -- com.aliasi.util.Factory
No parameter found:

-------------------------
Successful / inconclusive JPF runs: 0 / 0
====================
--- Timer: 
111139 --- conc_exec
73030 --- gen
70979 --- candExec
-----------(end)
Sequences crashes: java.lang.reflect.InvocationTargetException
Sequences crashes: java.lang.reflect.InvocationTargetException
Sequences crashes: java.lang.reflect.InvocationTargetException
Sequences crashes: java.lang.reflect.InvocationTargetException
Sequences crashes: java.lang.reflect.InvocationTargetException
Sequences crashes: java.lang.reflect.InvocationTargetException
Sequences crashes: java.lang.reflect.InvocationTargetException
Sequences crashes: java.lang.reflect.InvocationTargetException
Sequences crashes: java.lang.reflect.InvocationTargetException
Sequences crashes: java.lang.reflect.InvocationTargetException
Sequences crashes: java.lang.reflect.InvocationTargetException
Reached maxTries (10)
Sequences crashes: java.lang.reflect.InvocationTargetException
Sequences crashes: java.lang.reflect.InvocationTargetException
Sequences crashes: java.lang.reflect.InvocationTargetException
Sequences crashes: java.lang.reflect.InvocationTargetException
Sequences crashes: java.lang.reflect.InvocationTargetException
Sequences crashes: java.lang.reflect.InvocationTargetException
Sequences crashes: java.lang.reflect.InvocationTargetException
Reached maxTries (10)
Sequences crashes: java.lang.reflect.InvocationTargetException
Sequences crashes: java.lang.reflect.InvocationTargetException
Sequences crashes: java.lang.reflect.InvocationTargetException
New suffix 
final boolean var6 = var0.balanceParens();
final com.aliasi.tokenizer.IndoEuropeanTokenCategorizer var7 = com.aliasi.tokenizer.IndoEuropeanTokenCategorizer.CATEGORIZER;
final java.lang.String[] var8 = var7.categories();
final int[] var9 = var0.boundaryIndices((java.lang.String[]) var8, (java.lang.String[]) var8, (int) 1, (int) 0);

Nb generated tests: 121
==== Starting Java scheduler-based execution ====
Nb generated tests: 122
==== Starting Java scheduler-based execution ====
Nb generated tests: 123
==== Starting Java scheduler-based execution ====
Nb generated tests: 124
==== Starting Java scheduler-based execution ====
Nb generated tests: 125
==== Starting Java scheduler-based execution ====
Nb generated tests: 126
==== Starting Java scheduler-based execution ====
Nb generated tests: 127
==== Starting Java scheduler-based execution ====
Nb generated tests: 128
==== Starting Java scheduler-based execution ====
Sequences crashes: java.lang.reflect.InvocationTargetException
Sequences crashes: java.lang.reflect.InvocationTargetException
Sequences crashes: java.lang.reflect.InvocationTargetException
Sequences crashes: java.lang.reflect.InvocationTargetException
Sequences crashes: java.lang.reflect.InvocationTargetException
Sequences crashes: java.lang.reflect.InvocationTargetException
Sequences crashes: java.lang.reflect.InvocationTargetException
Sequences crashes: java.lang.reflect.InvocationTargetException
Sequences crashes: java.lang.reflect.InvocationTargetException
Sequences crashes: java.lang.reflect.InvocationTargetException
Sequences crashes: java.lang.reflect.InvocationTargetException
Sequences crashes: java.lang.reflect.InvocationTargetException
ClassTester: Could not find bug.

=== Statistics:  ===
Executed sequences: 694
   Failed         : 486
Concurrent runs: 12800
   Succeeded   : 12800
   Failed      : 0
Sequential interleavings: 0
------------
Too long sequence: 1
Failed call CUT tasks: 0 / 199
Reasons for failed call CUT tasks:
   9 -- couldn't find param of type [Ljava.lang.String;
Reasons for failed state changer call tasks:
Tasks started:
   644 -- GetParamTask for [Ljava.lang.String;
   364 -- GetParamTask for int
   78 -- GetParamTask for java.util.Collection
Tasks failed:
   9 -- GetParamTask for [Ljava.lang.String;
Null parameters:
   5 -- java.io.ObjectInput
   3 -- [Z
   2 -- [Lcom.aliasi.lm.LanguageModel$Dynamic;
   2 -- [Lcom.aliasi.io.Reporter;
   2 -- [Lcom.aliasi.lm.CharSeqCounter;
No parameter found:

-------------------------
Successful / inconclusive JPF runs: 0 / 0
====================
--- Timer: 
194043 --- all
117539 --- conc_exec
74821 --- gen
72729 --- candExec
-----------(end)
Done with ClassTester at Thu Oct 27 23:57:09 CDT 2022
