
==== Found a thread safety violation! ====
Sequential prefix:
final org.jfree.chart.axis.PeriodAxis var0 = new org.jfree.chart.axis.PeriodAxis((java.lang.String) null);
final org.jfree.data.time.RegularTimePeriod var1 = var0.getFirst();
final org.jfree.chart.axis.PeriodAxis var2 = new org.jfree.chart.axis.PeriodAxis((java.lang.String) null, (org.jfree.data.time.RegularTimePeriod) var1, (org.jfree.data.time.RegularTimePeriod) var1);
var2.setUpperBound((double) 0.0d);
final org.jfree.chart.axis.PeriodAxis var3 = new org.jfree.chart.axis.PeriodAxis((java.lang.String) null);
final java.awt.Font var4 = var3.getTickLabelFont();
var2.setLabelFont((java.awt.Font) var4);
final java.awt.Paint var5 = var2.getAxisLinePaint();
final java.awt.Font var6 = var2.getTickLabelFont();
final org.jfree.data.Range var7 = var3.getRange();
var2.setRange((org.jfree.data.Range) var7, (boolean) true, (boolean) true);

Concurrent suffixes:

final org.jfree.chart.axis.TickUnitSource var8 = var0.getStandardTickUnits();
var2.setStandardTickUnits((org.jfree.chart.axis.TickUnitSource) var8);
var2.setRangeWithMargins((double) -3.0d, (double) 0.0d);

vs.

final java.lang.Class var8 = var2.getMinorTickTimePeriodClass();
final org.jfree.data.Range var9 = var2.getRange();

Exception Found : java.lang.IllegalArgumentException: Range(double, double): require lower (1.66806E12) <= upper (2.1599999E7).
	at org.jfree.data.Range.<init>(Range.java:89)
	at org.jfree.chart.axis.PeriodAxis.getRange(PeriodAxis.java:492)
	at sun.reflect.GeneratedMethodAccessor72.invoke(Unknown Source)
	at sun.reflect.DelegatingMethodAccessorImpl.invoke(DelegatingMethodAccessorImpl.java:43)
	at java.lang.reflect.Method.invoke(Method.java:498)
	at contege.MethodAtom$$anonfun$1.apply(Atom.scala:58)
	at contege.MethodAtom$$anonfun$1.apply(Atom.scala:54)
	at contege.seqexec.reflective.TimedExecutionThread.run(TimedExecutionThread.scala:18)

Range(double, double): require lower (1.66806E12) <= upper (2.1599999E7).
Time (seconds): 784
