
==== Found a thread safety violation! ====
Sequential prefix:
final org.apache.commons.dbcp.datasources.PerUserPoolDataSource var0 = new org.apache.commons.dbcp.datasources.PerUserPoolDataSource();
final boolean var1 = var0.getTestWhileIdle();
final int var2 = var0.getNumIdle();
final int var3 = var0.getDefaultMaxIdle();
var0.setDataSourceName((java.lang.String) null);
final boolean var4 = var0.isRollbackAfterValidation();

Concurrent suffixes:

var0.close();
final boolean var5 = var0.isTestOnBorrow();

vs.

var0.setConnectionPoolDataSource((javax.sql.ConnectionPoolDataSource) null);
final int var5 = var0.getNumIdle((java.lang.String) null, (java.lang.String) null);

Exception Found : java.util.ConcurrentModificationException
	at java.util.HashMap$HashIterator.nextNode(HashMap.java:1445)
	at java.util.HashMap$KeyIterator.next(HashMap.java:1469)
	at org.apache.commons.dbcp.datasources.InstanceKeyObjectFactory.registerNewInstance(InstanceKeyObjectFactory.java:51)
	at org.apache.commons.dbcp.datasources.InstanceKeyDataSource.setConnectionPoolDataSource(InstanceKeyDataSource.java:211)
	at sun.reflect.GeneratedMethodAccessor42.invoke(Unknown Source)
	at sun.reflect.DelegatingMethodAccessorImpl.invoke(DelegatingMethodAccessorImpl.java:43)
	at java.lang.reflect.Method.invoke(Method.java:498)
	at contege.MethodAtom$$anonfun$1.apply(Atom.scala:58)
	at contege.MethodAtom$$anonfun$1.apply(Atom.scala:54)
	at contege.seqexec.reflective.TimedExecutionThread.run(TimedExecutionThread.scala:18)

null
Time (seconds): 10523
