
==== Found a thread safety violation! ====
Sequential prefix:
final org.jfree.data.time.TimeSeries var0 = new org.jfree.data.time.TimeSeries((java.lang.String) null, (java.lang.Class) null);
var0.setMaximumItemCount((int) 3);
var0.removeChangeListener((org.jfree.data.SeriesChangeListener) null);
final java.lang.Object var1 = var0.clone();
final org.jfree.data.time.Day var2 = new org.jfree.data.time.Day();
final org.jfree.data.time.TimeSeriesDataItem var3 = var0.addOrUpdate((org.jfree.data.time.RegularTimePeriod) var2, (java.lang.Number) null);
var0.setMaximumItemCount((int) -2);

Concurrent suffixes:

var0.delete((org.jfree.data.time.RegularTimePeriod) var2);
var0.setName((java.lang.String) null);

vs.

var0.delete((org.jfree.data.time.RegularTimePeriod) var2);
var0.setName((java.lang.String) null);

Exception Found : java.lang.IndexOutOfBoundsException: Index: 0, Size: 0
	at java.util.ArrayList.rangeCheck(ArrayList.java:659)
	at java.util.ArrayList.remove(ArrayList.java:498)
	at org.jfree.data.time.TimeSeries.delete(Unknown Source)
	at sun.reflect.GeneratedMethodAccessor42.invoke(Unknown Source)
	at sun.reflect.DelegatingMethodAccessorImpl.invoke(DelegatingMethodAccessorImpl.java:43)
	at java.lang.reflect.Method.invoke(Method.java:498)
	at contege.MethodAtom$$anonfun$1.apply(Atom.scala:58)
	at contege.MethodAtom$$anonfun$1.apply(Atom.scala:54)
	at contege.seqexec.reflective.TimedExecutionThread.run(TimedExecutionThread.scala:18)

Index: 0, Size: 0
Time (seconds): 13
