
==== Found a thread safety violation! ====
Sequential prefix:
final com.thoughtworks.xstream.converters.reflection.Sun14ReflectionProvider var0 = new com.thoughtworks.xstream.converters.reflection.Sun14ReflectionProvider();
final com.thoughtworks.xstream.XStream var1 = new com.thoughtworks.xstream.XStream((com.thoughtworks.xstream.converters.reflection.ReflectionProvider) var0);
final java.lang.ClassLoader var2 = java.lang.ClassLoader.getSystemClassLoader();
var1.setClassLoader((java.lang.ClassLoader) var2);
final com.thoughtworks.xstream.mapper.Mapper var3 = var1.getMapper();
var1.autodetectAnnotations((boolean) false);
final java.io.ObjectOutputStream var4 = var1.createObjectOutputStream((java.io.Writer) null, (java.lang.String) "");
var1.addDefaultImplementation((java.lang.Class) null, (java.lang.Class) null);

Concurrent suffixes:

final java.lang.String var5 = var1.toXML((java.lang.Object) var0);
var1.useAttributeFor((java.lang.Class) null);

vs.

var1.registerConverter((com.thoughtworks.xstream.converters.SingleValueConverter) null);
var1.setClassLoader((java.lang.ClassLoader) var2);

Exception Found : java.util.ConcurrentModificationException
	at java.util.TreeMap$PrivateEntryIterator.nextEntry(TreeMap.java:1211)
	at java.util.TreeMap$KeyIterator.next(TreeMap.java:1265)
	at com.thoughtworks.xstream.core.util.PrioritizedList$PrioritizedItemIterator.next(PrioritizedList.java:91)
	at com.thoughtworks.xstream.core.DefaultConverterLookup.lookupConverterForType(DefaultConverterLookup.java:55)
	at com.thoughtworks.xstream.core.TreeMarshaller.convertAnother(TreeMarshaller.java:49)
	at com.thoughtworks.xstream.core.TreeMarshaller.convertAnother(TreeMarshaller.java:44)
	at com.thoughtworks.xstream.core.TreeMarshaller.start(TreeMarshaller.java:79)
	at com.thoughtworks.xstream.core.AbstractTreeMarshallingStrategy.marshal(AbstractTreeMarshallingStrategy.java:37)
	at com.thoughtworks.xstream.XStream.marshal(XStream.java:877)
	at com.thoughtworks.xstream.XStream.marshal(XStream.java:866)
	at com.thoughtworks.xstream.XStream.toXML(XStream.java:839)
	at com.thoughtworks.xstream.XStream.toXML(XStream.java:826)
	at sun.reflect.GeneratedMethodAccessor39.invoke(Unknown Source)
	at sun.reflect.DelegatingMethodAccessorImpl.invoke(DelegatingMethodAccessorImpl.java:43)
	at java.lang.reflect.Method.invoke(Method.java:498)
	at contege.MethodAtom$$anonfun$1.apply(Atom.scala:58)
	at contege.MethodAtom$$anonfun$1.apply(Atom.scala:54)
	at contege.seqexec.reflective.TimedExecutionThread.run(TimedExecutionThread.scala:18)

null
Time (seconds): 1832
