
==== Found a thread safety violation! ====
Sequential prefix:
final org.jfree.chart.plot.XYPlot var0 = new org.jfree.chart.plot.XYPlot();
final org.jfree.chart.renderer.xy.XYItemRenderer var1 = var0.getRenderer();
final double var2 = var0.getDomainCrosshairValue();
final java.awt.Rectangle var3 = new java.awt.Rectangle((int) 100, (int) 0, (int) 3, (int) 0);
final java.awt.Rectangle var4 = var3.getBounds();
final java.awt.Rectangle var5 = var4.union((java.awt.Rectangle) var3);
final java.awt.Point var6 = var5.getLocation();
var0.zoomDomainAxes((double) 0.0d, (double) var2, (org.jfree.chart.plot.PlotRenderingInfo) null, (java.awt.geom.Point2D) var6);
final int var7 = var0.getDomainAxisCount();
final org.jfree.chart.renderer.xy.XYItemRenderer var8 = var0.getRendererForDataset((org.jfree.data.xy.XYDataset) null);

Concurrent suffixes:

final org.jfree.chart.axis.AxisLocation var9 = var0.getDomainAxisLocation((int) 3);
var0.mapDatasetToRangeAxis((int) var7, (int) var7);

vs.

final java.lang.Object var9 = var0.clone();
var0.setDomainCrosshairValue((double) var2);

Exception Found : java.util.ConcurrentModificationException
	at java.util.TreeMap$PrivateEntryIterator.nextEntry(TreeMap.java:1211)
	at java.util.TreeMap$EntryIterator.next(TreeMap.java:1247)
	at java.util.TreeMap$EntryIterator.next(TreeMap.java:1242)
	at java.util.TreeMap.buildFromSorted(TreeMap.java:2559)
	at java.util.TreeMap.buildFromSorted(TreeMap.java:2508)
	at java.util.TreeMap.putAll(TreeMap.java:319)
	at org.jfree.chart.plot.XYPlot.clone(XYPlot.java:4823)
	at sun.reflect.GeneratedMethodAccessor218.invoke(Unknown Source)
	at sun.reflect.DelegatingMethodAccessorImpl.invoke(DelegatingMethodAccessorImpl.java:43)
	at java.lang.reflect.Method.invoke(Method.java:498)
	at contege.MethodAtom$$anonfun$1.apply(Atom.scala:58)
	at contege.MethodAtom$$anonfun$1.apply(Atom.scala:54)
	at contege.seqexec.reflective.TimedExecutionThread.run(TimedExecutionThread.scala:18)

null
Time (seconds): 9152
