
==== Found a thread safety violation! ====
Sequential prefix:
final org.jfree.data.XYSeries var0 = new org.jfree.data.XYSeries((java.lang.String) "beDff", (boolean) true);
final java.lang.String var1 = var0.getDescription();
final org.jfree.data.XYSeries var2 = var0.createCopy((int) 100, (int) 2);
var0.addPropertyChangeListener((java.beans.PropertyChangeListener) null);
final int var3 = var0.getItemCount();
final org.jfree.data.XYSeries var4 = var0.createCopy((int) var3, (int) var3);

Concurrent suffixes:

var0.add((double) -0.1d, (double) -100.0d);
var0.removeChangeListener((org.jfree.data.SeriesChangeListener) null);

vs.

var0.add((double) 2.0d, (double) 0.0d);
final java.lang.Object var5 = var0.clone();

Exception Found : java.lang.NullPointerException
	at org.jfree.data.XYSeries.createCopy(Unknown Source)
	at org.jfree.data.XYSeries.clone(Unknown Source)
	at sun.reflect.GeneratedMethodAccessor4.invoke(Unknown Source)
	at sun.reflect.DelegatingMethodAccessorImpl.invoke(DelegatingMethodAccessorImpl.java:43)
	at java.lang.reflect.Method.invoke(Method.java:498)
	at contege.MethodAtom$$anonfun$1.apply(Atom.scala:58)
	at contege.MethodAtom$$anonfun$1.apply(Atom.scala:54)
	at contege.seqexec.reflective.TimedExecutionThread.run(TimedExecutionThread.scala:18)

null
Time (seconds): 273
