java -cp /home/legend/ConTeGe/lib/scala-lib-2.11.8.jar:/home/legend/ConTeGe/lib/asm-tree-4.0.jar:/home/legend/ConTeGe/lib/asm-4.0.jar:/home/legend/ConTeGe/lib/tools.jar:/home/legend/ConTeGe/lib/testSkeleton.jar:/home/legend/ConTeGe/lib/commons-io-2.0.1.jar:/home/legend/ConTeGe/lib/jpf.jar:/home/legend/ConTeGe/lib/bcel-5.2.jar:/home/legend/ConTeGe/pre-built/ConTeGe.jar:/home/legend/ConTeGe/ownLibs/javaModel.jar:/home/legend/ConTeGe/ownLibs/clinitRewriter.jar:/home/legend/ConTeGe/benchmarks/pldi2012//XYSeries/jar/jfreechart-0.9.8_rewritten.jar:/home/legend/ConTeGe/benchmarks/pldi2012//XYSeries/lib/jcommon-0.8.0.jar:/home/legend/ConTeGe/benchmarks/pldi2012//XYSeries/clinit.jar contege.ClassTester org.jfree.data.XYSeries /home/legend/ConTeGe/benchmarks/pldi2012//XYSeries/env_types.txt 3 100 result.out false

Starting ClassTester at Mon Oct 10 14:18:50 CDT 2022
No specific CUT methods selected
TypeManager has indexed 3 classes
Testing org.jfree.data.XYSeries with seed 3
Sequences crashes: java.lang.reflect.InvocationTargetException
Sequences crashes: java.lang.reflect.InvocationTargetException
Sequences crashes: java.lang.reflect.InvocationTargetException
Sequences crashes: java.lang.reflect.InvocationTargetException
New prefix:
final org.jfree.data.XYSeries var0 = new org.jfree.data.XYSeries((java.lang.String) null);
final org.jfree.data.XYSeries var1 = var0.createCopy((int) 2, (int) -100);
final org.jfree.data.XYSeries var2 = var1.createCopy((int) -1, (int) 3);
var2.delete((int) 0, (int) -1);
final java.lang.Object var3 = var2.clone();
var2.add((java.lang.Number) null, (java.lang.Number) null);
var2.setDescription((java.lang.String) null);
final int var4 = var2.getItemCount();

New suffix 
final org.jfree.data.TimeSeriesTableModel var5 = new org.jfree.data.TimeSeriesTableModel();
var2.addChangeListener((org.jfree.data.SeriesChangeListener) var5);
var2.setDescription((java.lang.String) null);

Nb generated tests: 1
==== Starting Java scheduler-based execution ====
New prefix:
final org.jfree.data.XYSeries var0 = new org.jfree.data.XYSeries((java.lang.String) "");
var0.add((double) 0.0d, (double) 1.0d);
final org.jfree.data.XYDataPair var1 = var0.getDataPair((int) 0);
var0.setMaximumItemCount((int) 100);
var0.delete((int) 1, (int) -2);
var0.setDescription((java.lang.String) "");

New suffix 
var0.add((double) -2.0d, (java.lang.Number) null);
var0.add((double) -2.0d, (java.lang.Number) null);

Nb generated tests: 2
==== Starting Java scheduler-based execution ====
Sequences crashes: java.lang.reflect.InvocationTargetException
Sequences crashes: java.lang.reflect.InvocationTargetException
Sequences crashes: java.lang.reflect.InvocationTargetException
Sequences crashes: java.lang.reflect.InvocationTargetException
Sequences crashes: java.lang.reflect.InvocationTargetException
Sequences crashes: java.lang.reflect.InvocationTargetException
Sequences crashes: java.lang.reflect.InvocationTargetException
Sequences crashes: java.lang.reflect.InvocationTargetException
Sequences crashes: java.lang.reflect.InvocationTargetException
Sequences crashes: java.lang.reflect.InvocationTargetException
Sequences crashes: java.lang.reflect.InvocationTargetException
Sequences crashes: java.lang.reflect.InvocationTargetException
Sequences crashes: java.lang.reflect.InvocationTargetException
Sequences crashes: java.lang.reflect.InvocationTargetException
Sequences crashes: java.lang.reflect.InvocationTargetException
Sequences crashes: java.lang.reflect.InvocationTargetException
Sequences crashes: java.lang.reflect.InvocationTargetException
New prefix:
final org.jfree.data.XYSeries var0 = new org.jfree.data.XYSeries((java.lang.String) null);
final org.jfree.data.XYSeries var1 = var0.createCopy((int) -100, (int) -3);
var1.add((java.lang.Number) null, (java.lang.Number) null);
var1.setName((java.lang.String) "");
final int var2 = var1.getMaximumItemCount();
final int var3 = var1.getMaximumItemCount();
var1.addChangeListener((org.jfree.data.SeriesChangeListener) null);

Sequences crashes: java.lang.reflect.InvocationTargetException
New suffix 
final int var4 = var1.getMaximumItemCount();
final int var5 = var1.getMaximumItemCount();

Nb generated tests: 3
==== Starting Java scheduler-based execution ====
New prefix:
final org.jfree.data.XYSeries var0 = new org.jfree.data.XYSeries((java.lang.String) "", (boolean) true);
var0.setMaximumItemCount((int) 100);
var0.addPropertyChangeListener((java.beans.PropertyChangeListener) null);
final int var1 = var0.getMaximumItemCount();
var0.removePropertyChangeListener((java.beans.PropertyChangeListener) null);
final java.lang.String var2 = var0.getName();

Sequences crashes: java.lang.reflect.InvocationTargetException
Sequences crashes: java.lang.reflect.InvocationTargetException
Sequences crashes: java.lang.reflect.InvocationTargetException
Sequences crashes: java.lang.reflect.InvocationTargetException
New suffix 
var0.removeChangeListener((org.jfree.data.SeriesChangeListener) null);
final boolean var3 = var0.equals((java.lang.Object) var0);

Nb generated tests: 4
==== Starting Java scheduler-based execution ====
Sequences crashes: java.lang.reflect.InvocationTargetException
Sequences crashes: java.lang.reflect.InvocationTargetException
Sequences crashes: java.lang.reflect.InvocationTargetException
Sequences crashes: java.lang.reflect.InvocationTargetException
New prefix:
final org.jfree.data.XYSeries var0 = new org.jfree.data.XYSeries((java.lang.String) null);
final org.jfree.data.XYSeries var1 = var0.createCopy((int) 3, (int) 0);
var0.removePropertyChangeListener((java.beans.PropertyChangeListener) null);
var0.removeChangeListener((org.jfree.data.SeriesChangeListener) null);
var0.setMaximumItemCount((int) -3);
final int var2 = var0.getMaximumItemCount();

Sequences crashes: java.lang.reflect.InvocationTargetException
Sequences crashes: java.lang.reflect.InvocationTargetException
New suffix 
var0.add((double) 3.0d, (double) -100.0d);
final java.lang.String var3 = var0.getDescription();

Nb generated tests: 5
==== Starting Java scheduler-based execution ====
New suffix 
var2.fireSeriesChanged();
final java.lang.String var5 = var2.getDescription();

Nb generated tests: 6
==== Starting Java scheduler-based execution ====
Nb generated tests: 7
==== Starting Java scheduler-based execution ====
Sequences crashes: java.lang.reflect.InvocationTargetException
Sequences crashes: java.lang.reflect.InvocationTargetException
New suffix 
var0.removePropertyChangeListener((java.beans.PropertyChangeListener) null);
var0.add((java.lang.Number) null, (java.lang.Number) null);

Nb generated tests: 8
==== Starting Java scheduler-based execution ====
Nb generated tests: 9
==== Starting Java scheduler-based execution ====
Sequences crashes: java.lang.reflect.InvocationTargetException
Sequences crashes: java.lang.reflect.InvocationTargetException
Sequences crashes: java.lang.reflect.InvocationTargetException
Sequences crashes: java.lang.reflect.InvocationTargetException
Sequences crashes: java.lang.reflect.InvocationTargetException
Sequences crashes: java.lang.reflect.InvocationTargetException
Sequences crashes: java.lang.reflect.InvocationTargetException
Sequences crashes: java.lang.reflect.InvocationTargetException
Sequences crashes: java.lang.reflect.InvocationTargetException
Sequences crashes: java.lang.reflect.InvocationTargetException
Sequences crashes: java.lang.reflect.InvocationTargetException
Sequences crashes: java.lang.reflect.InvocationTargetException
Sequences crashes: java.lang.reflect.InvocationTargetException
Sequences crashes: java.lang.reflect.InvocationTargetException
Sequences crashes: java.lang.reflect.InvocationTargetException
Sequences crashes: java.lang.reflect.InvocationTargetException
Sequences crashes: java.lang.reflect.InvocationTargetException
Sequences crashes: java.lang.reflect.InvocationTargetException
Sequences crashes: java.lang.reflect.InvocationTargetException
Sequences crashes: java.lang.reflect.InvocationTargetException
Sequences crashes: java.lang.reflect.InvocationTargetException
Sequences crashes: java.lang.reflect.InvocationTargetException
Sequences crashes: java.lang.reflect.InvocationTargetException
Sequences crashes: java.lang.reflect.InvocationTargetException
Sequences crashes: java.lang.reflect.InvocationTargetException
Sequences crashes: java.lang.reflect.InvocationTargetException
Sequences crashes: java.lang.reflect.InvocationTargetException
Sequences crashes: java.lang.reflect.InvocationTargetException
Sequences crashes: java.lang.reflect.InvocationTargetException
Sequences crashes: java.lang.reflect.InvocationTargetException
Sequences crashes: java.lang.reflect.InvocationTargetException
Sequences crashes: java.lang.reflect.InvocationTargetException
Sequences crashes: java.lang.reflect.InvocationTargetException
Sequences crashes: java.lang.reflect.InvocationTargetException
Sequences crashes: java.lang.reflect.InvocationTargetException
Sequences crashes: java.lang.reflect.InvocationTargetException
Sequences crashes: java.lang.reflect.InvocationTargetException
Sequences crashes: java.lang.reflect.InvocationTargetException
Sequences crashes: java.lang.reflect.InvocationTargetException
Sequences crashes: java.lang.reflect.InvocationTargetException
Sequences crashes: java.lang.reflect.InvocationTargetException
Sequences crashes: java.lang.reflect.InvocationTargetException
Sequences crashes: java.lang.reflect.InvocationTargetException
Sequences crashes: java.lang.reflect.InvocationTargetException
Sequences crashes: java.lang.reflect.InvocationTargetException
Sequences crashes: java.lang.reflect.InvocationTargetException
Sequences crashes: java.lang.reflect.InvocationTargetException
Sequences crashes: java.lang.reflect.InvocationTargetException
Sequences crashes: java.lang.reflect.InvocationTargetException
Sequences crashes: java.lang.reflect.InvocationTargetException
Sequences crashes: java.lang.reflect.InvocationTargetException
Sequences crashes: java.lang.reflect.InvocationTargetException
Sequences crashes: java.lang.reflect.InvocationTargetException
Sequences crashes: java.lang.reflect.InvocationTargetException
Sequences crashes: java.lang.reflect.InvocationTargetException
Sequences crashes: java.lang.reflect.InvocationTargetException
Sequences crashes: java.lang.reflect.InvocationTargetException
Sequences crashes: java.lang.reflect.InvocationTargetException
Sequences crashes: java.lang.reflect.InvocationTargetException
Sequences crashes: java.lang.reflect.InvocationTargetException
Sequences crashes: java.lang.reflect.InvocationTargetException
Sequences crashes: java.lang.reflect.InvocationTargetException
Sequences crashes: java.lang.reflect.InvocationTargetException
Sequences crashes: java.lang.reflect.InvocationTargetException
Sequences crashes: java.lang.reflect.InvocationTargetException
Sequences crashes: java.lang.reflect.InvocationTargetException
Sequences crashes: java.lang.reflect.InvocationTargetException
Sequences crashes: java.lang.reflect.InvocationTargetException
Sequences crashes: java.lang.reflect.InvocationTargetException
Sequences crashes: java.lang.reflect.InvocationTargetException
Sequences crashes: java.lang.reflect.InvocationTargetException
Sequences crashes: java.lang.reflect.InvocationTargetException
Sequences crashes: java.lang.reflect.InvocationTargetException
Sequences crashes: java.lang.reflect.InvocationTargetException
Sequences crashes: java.lang.reflect.InvocationTargetException
Sequences crashes: java.lang.reflect.InvocationTargetException
Sequences crashes: java.lang.reflect.InvocationTargetException
Sequences crashes: java.lang.reflect.InvocationTargetException
Sequences crashes: java.lang.reflect.InvocationTargetException
Sequences crashes: java.lang.reflect.InvocationTargetException
Sequences crashes: java.lang.reflect.InvocationTargetException
Sequences crashes: java.lang.reflect.InvocationTargetException
Sequences crashes: java.lang.reflect.InvocationTargetException
Sequences crashes: java.lang.reflect.InvocationTargetException
Sequences crashes: java.lang.reflect.InvocationTargetException
Sequences crashes: java.lang.reflect.InvocationTargetException
Sequences crashes: java.lang.reflect.InvocationTargetException
Sequences crashes: java.lang.reflect.InvocationTargetException
Sequences crashes: java.lang.reflect.InvocationTargetException
Sequences crashes: java.lang.reflect.InvocationTargetException
Sequences crashes: java.lang.reflect.InvocationTargetException
Sequences crashes: java.lang.reflect.InvocationTargetException
Sequences crashes: java.lang.reflect.InvocationTargetException
Sequences crashes: java.lang.reflect.InvocationTargetException
Sequences crashes: java.lang.reflect.InvocationTargetException
Sequences crashes: java.lang.reflect.InvocationTargetException
Sequences crashes: java.lang.reflect.InvocationTargetException
Sequences crashes: java.lang.reflect.InvocationTargetException
Sequences crashes: java.lang.reflect.InvocationTargetException
Sequences crashes: java.lang.reflect.InvocationTargetException
Sequences crashes: java.lang.reflect.InvocationTargetException
Sequences crashes: java.lang.reflect.InvocationTargetException
Sequences crashes: java.lang.reflect.InvocationTargetException
Sequences crashes: java.lang.reflect.InvocationTargetException
Sequences crashes: java.lang.reflect.InvocationTargetException
Sequences crashes: java.lang.reflect.InvocationTargetException
Sequences crashes: java.lang.reflect.InvocationTargetException
Sequences crashes: java.lang.reflect.InvocationTargetException
Sequences crashes: java.lang.reflect.InvocationTargetException
Sequences crashes: java.lang.reflect.InvocationTargetException
Sequences crashes: java.lang.reflect.InvocationTargetException
Sequences crashes: java.lang.reflect.InvocationTargetException
Sequences crashes: java.lang.reflect.InvocationTargetException
Sequences crashes: java.lang.reflect.InvocationTargetException
Sequences crashes: java.lang.reflect.InvocationTargetException
Sequences crashes: java.lang.reflect.InvocationTargetException
Sequences crashes: java.lang.reflect.InvocationTargetException
Sequences crashes: java.lang.reflect.InvocationTargetException
Sequences crashes: java.lang.reflect.InvocationTargetException
Sequences crashes: java.lang.reflect.InvocationTargetException
Sequences crashes: java.lang.reflect.InvocationTargetException
Sequences crashes: java.lang.reflect.InvocationTargetException
Sequences crashes: java.lang.reflect.InvocationTargetException
Sequences crashes: java.lang.reflect.InvocationTargetException
Sequences crashes: java.lang.reflect.InvocationTargetException
Sequences crashes: java.lang.reflect.InvocationTargetException
Sequences crashes: java.lang.reflect.InvocationTargetException
Sequences crashes: java.lang.reflect.InvocationTargetException
Sequences crashes: java.lang.reflect.InvocationTargetException
Sequences crashes: java.lang.reflect.InvocationTargetException
Sequences crashes: java.lang.reflect.InvocationTargetException
Sequences crashes: java.lang.reflect.InvocationTargetException
Sequences crashes: java.lang.reflect.InvocationTargetException
Sequences crashes: java.lang.reflect.InvocationTargetException
Sequences crashes: java.lang.reflect.InvocationTargetException
Sequences crashes: java.lang.reflect.InvocationTargetException
Sequences crashes: java.lang.reflect.InvocationTargetException
Sequences crashes: java.lang.reflect.InvocationTargetException
Sequences crashes: java.lang.reflect.InvocationTargetException
Sequences crashes: java.lang.reflect.InvocationTargetException
Sequences crashes: java.lang.reflect.InvocationTargetException
Sequences crashes: java.lang.reflect.InvocationTargetException
Sequences crashes: java.lang.reflect.InvocationTargetException
Sequences crashes: java.lang.reflect.InvocationTargetException
Sequences crashes: java.lang.reflect.InvocationTargetException
Sequences crashes: java.lang.reflect.InvocationTargetException
Sequences crashes: java.lang.reflect.InvocationTargetException
Sequences crashes: java.lang.reflect.InvocationTargetException
Sequences crashes: java.lang.reflect.InvocationTargetException
Sequences crashes: java.lang.reflect.InvocationTargetException
Sequences crashes: java.lang.reflect.InvocationTargetException
Sequences crashes: java.lang.reflect.InvocationTargetException
Sequences crashes: java.lang.reflect.InvocationTargetException
Sequences crashes: java.lang.reflect.InvocationTargetException
Sequences crashes: java.lang.reflect.InvocationTargetException
Sequences crashes: java.lang.reflect.InvocationTargetException
Sequences crashes: java.lang.reflect.InvocationTargetException
Sequences crashes: java.lang.reflect.InvocationTargetException
Sequences crashes: java.lang.reflect.InvocationTargetException
Sequences crashes: java.lang.reflect.InvocationTargetException
Sequences crashes: java.lang.reflect.InvocationTargetException
Sequences crashes: java.lang.reflect.InvocationTargetException
Sequences crashes: java.lang.reflect.InvocationTargetException
Sequences crashes: java.lang.reflect.InvocationTargetException
Sequences crashes: java.lang.reflect.InvocationTargetException
Sequences crashes: java.lang.reflect.InvocationTargetException
Sequences crashes: java.lang.reflect.InvocationTargetException
Sequences crashes: java.lang.reflect.InvocationTargetException
Sequences crashes: java.lang.reflect.InvocationTargetException
Sequences crashes: java.lang.reflect.InvocationTargetException
Sequences crashes: java.lang.reflect.InvocationTargetException
Sequences crashes: java.lang.reflect.InvocationTargetException
Sequences crashes: java.lang.reflect.InvocationTargetException
Sequences crashes: java.lang.reflect.InvocationTargetException
Sequences crashes: java.lang.reflect.InvocationTargetException
Sequences crashes: java.lang.reflect.InvocationTargetException
Sequences crashes: java.lang.reflect.InvocationTargetException
Sequences crashes: java.lang.reflect.InvocationTargetException
Sequences crashes: java.lang.reflect.InvocationTargetException
Sequences crashes: java.lang.reflect.InvocationTargetException
Sequences crashes: java.lang.reflect.InvocationTargetException
Sequences crashes: java.lang.reflect.InvocationTargetException
Sequences crashes: java.lang.reflect.InvocationTargetException
Sequences crashes: java.lang.reflect.InvocationTargetException
Sequences crashes: java.lang.reflect.InvocationTargetException
Sequences crashes: java.lang.reflect.InvocationTargetException
Sequences crashes: java.lang.reflect.InvocationTargetException
Sequences crashes: java.lang.reflect.InvocationTargetException
Sequences crashes: java.lang.reflect.InvocationTargetException
Sequences crashes: java.lang.reflect.InvocationTargetException
Sequences crashes: java.lang.reflect.InvocationTargetException
Sequences crashes: java.lang.reflect.InvocationTargetException
Sequences crashes: java.lang.reflect.InvocationTargetException
Sequences crashes: java.lang.reflect.InvocationTargetException
Sequences crashes: java.lang.reflect.InvocationTargetException
Sequences crashes: java.lang.reflect.InvocationTargetException
Sequences crashes: java.lang.reflect.InvocationTargetException
Sequences crashes: java.lang.reflect.InvocationTargetException
Sequences crashes: java.lang.reflect.InvocationTargetException
Sequences crashes: java.lang.reflect.InvocationTargetException
Sequences crashes: java.lang.reflect.InvocationTargetException
Sequences crashes: java.lang.reflect.InvocationTargetException
Sequences crashes: java.lang.reflect.InvocationTargetException
New suffix 
var0.clear();
var0.add((double) -1.0d, (java.lang.Number) null);

Nb generated tests: 10
==== Starting Java scheduler-based execution ====
Nb generated tests: 11
==== Starting Java scheduler-based execution ====
Sequences crashes: java.lang.reflect.InvocationTargetException
New suffix 
final org.jfree.data.TimeSeriesTableModel var3 = new org.jfree.data.TimeSeriesTableModel();
var0.removeChangeListener((org.jfree.data.SeriesChangeListener) var3);
var0.clear();

Nb generated tests: 12
==== Starting Java scheduler-based execution ====
Nb generated tests: 13
==== Starting Java scheduler-based execution ====
New suffix 
final java.lang.String var3 = var0.getDescription();
final java.lang.String var4 = var0.getDescription();

Nb generated tests: 14
==== Starting Java scheduler-based execution ====
Nb generated tests: 15
==== Starting Java scheduler-based execution ====
Nb generated tests: 16
==== Starting Java scheduler-based execution ====
New suffix 
final java.lang.Object var3 = var0.clone();
var0.addChangeListener((org.jfree.data.SeriesChangeListener) null);

Nb generated tests: 17
==== Starting Java scheduler-based execution ====
Nb generated tests: 18
==== Starting Java scheduler-based execution ====
Sequences crashes: java.lang.reflect.InvocationTargetException
Sequences crashes: java.lang.reflect.InvocationTargetException
Sequences crashes: java.lang.reflect.InvocationTargetException
Sequences crashes: java.lang.reflect.InvocationTargetException
Sequences crashes: java.lang.reflect.InvocationTargetException
Sequences crashes: java.lang.reflect.InvocationTargetException
Sequences crashes: java.lang.reflect.InvocationTargetException
Sequences crashes: java.lang.reflect.InvocationTargetException
Sequences crashes: java.lang.reflect.InvocationTargetException
Sequences crashes: java.lang.reflect.InvocationTargetException
Sequences crashes: java.lang.reflect.InvocationTargetException
Sequences crashes: java.lang.reflect.InvocationTargetException
Sequences crashes: java.lang.reflect.InvocationTargetException
Sequences crashes: java.lang.reflect.InvocationTargetException
Sequences crashes: java.lang.reflect.InvocationTargetException
Sequences crashes: java.lang.reflect.InvocationTargetException
Sequences crashes: java.lang.reflect.InvocationTargetException
Sequences crashes: java.lang.reflect.InvocationTargetException
Sequences crashes: java.lang.reflect.InvocationTargetException
Sequences crashes: java.lang.reflect.InvocationTargetException
Sequences crashes: java.lang.reflect.InvocationTargetException
Sequences crashes: java.lang.reflect.InvocationTargetException
Sequences crashes: java.lang.reflect.InvocationTargetException
Sequences crashes: java.lang.reflect.InvocationTargetException
Sequences crashes: java.lang.reflect.InvocationTargetException
Sequences crashes: java.lang.reflect.InvocationTargetException
Sequences crashes: java.lang.reflect.InvocationTargetException
Sequences crashes: java.lang.reflect.InvocationTargetException
Sequences crashes: java.lang.reflect.InvocationTargetException
Sequences crashes: java.lang.reflect.InvocationTargetException
Sequences crashes: java.lang.reflect.InvocationTargetException
Sequences crashes: java.lang.reflect.InvocationTargetException
Sequences crashes: java.lang.reflect.InvocationTargetException
Sequences crashes: java.lang.reflect.InvocationTargetException
Sequences crashes: java.lang.reflect.InvocationTargetException
Sequences crashes: java.lang.reflect.InvocationTargetException
Sequences crashes: java.lang.reflect.InvocationTargetException
Sequences crashes: java.lang.reflect.InvocationTargetException
Sequences crashes: java.lang.reflect.InvocationTargetException
Sequences crashes: java.lang.reflect.InvocationTargetException
Sequences crashes: java.lang.reflect.InvocationTargetException
Sequences crashes: java.lang.reflect.InvocationTargetException
Sequences crashes: java.lang.reflect.InvocationTargetException
Sequences crashes: java.lang.reflect.InvocationTargetException
Sequences crashes: java.lang.reflect.InvocationTargetException
Sequences crashes: java.lang.reflect.InvocationTargetException
Sequences crashes: java.lang.reflect.InvocationTargetException
Sequences crashes: java.lang.reflect.InvocationTargetException
Sequences crashes: java.lang.reflect.InvocationTargetException
Sequences crashes: java.lang.reflect.InvocationTargetException
Sequences crashes: java.lang.reflect.InvocationTargetException
Sequences crashes: java.lang.reflect.InvocationTargetException
Sequences crashes: java.lang.reflect.InvocationTargetException
Sequences crashes: java.lang.reflect.InvocationTargetException
Sequences crashes: java.lang.reflect.InvocationTargetException
Sequences crashes: java.lang.reflect.InvocationTargetException
Sequences crashes: java.lang.reflect.InvocationTargetException
Sequences crashes: java.lang.reflect.InvocationTargetException
Sequences crashes: java.lang.reflect.InvocationTargetException
Sequences crashes: java.lang.reflect.InvocationTargetException
Sequences crashes: java.lang.reflect.InvocationTargetException
Sequences crashes: java.lang.reflect.InvocationTargetException
Sequences crashes: java.lang.reflect.InvocationTargetException
Sequences crashes: java.lang.reflect.InvocationTargetException
Sequences crashes: java.lang.reflect.InvocationTargetException
Sequences crashes: java.lang.reflect.InvocationTargetException
Sequences crashes: java.lang.reflect.InvocationTargetException
Sequences crashes: java.lang.reflect.InvocationTargetException
Sequences crashes: java.lang.reflect.InvocationTargetException
Sequences crashes: java.lang.reflect.InvocationTargetException
Sequences crashes: java.lang.reflect.InvocationTargetException
Sequences crashes: java.lang.reflect.InvocationTargetException
Sequences crashes: java.lang.reflect.InvocationTargetException
Sequences crashes: java.lang.reflect.InvocationTargetException
Sequences crashes: java.lang.reflect.InvocationTargetException
Sequences crashes: java.lang.reflect.InvocationTargetException
Sequences crashes: java.lang.reflect.InvocationTargetException
Sequences crashes: java.lang.reflect.InvocationTargetException
Sequences crashes: java.lang.reflect.InvocationTargetException
Sequences crashes: java.lang.reflect.InvocationTargetException
Sequences crashes: java.lang.reflect.InvocationTargetException
Sequences crashes: java.lang.reflect.InvocationTargetException
Sequences crashes: java.lang.reflect.InvocationTargetException
Sequences crashes: java.lang.reflect.InvocationTargetException
Sequences crashes: java.lang.reflect.InvocationTargetException
Sequences crashes: java.lang.reflect.InvocationTargetException
Sequences crashes: java.lang.reflect.InvocationTargetException
Sequences crashes: java.lang.reflect.InvocationTargetException
Sequences crashes: java.lang.reflect.InvocationTargetException
Sequences crashes: java.lang.reflect.InvocationTargetException
Sequences crashes: java.lang.reflect.InvocationTargetException
Sequences crashes: java.lang.reflect.InvocationTargetException
Sequences crashes: java.lang.reflect.InvocationTargetException
Sequences crashes: java.lang.reflect.InvocationTargetException
Sequences crashes: java.lang.reflect.InvocationTargetException
Sequences crashes: java.lang.reflect.InvocationTargetException
Sequences crashes: java.lang.reflect.InvocationTargetException
Sequences crashes: java.lang.reflect.InvocationTargetException
Sequences crashes: java.lang.reflect.InvocationTargetException
Sequences crashes: java.lang.reflect.InvocationTargetException
Sequences crashes: java.lang.reflect.InvocationTargetException
Sequences crashes: java.lang.reflect.InvocationTargetException
Sequences crashes: java.lang.reflect.InvocationTargetException
Sequences crashes: java.lang.reflect.InvocationTargetException
Sequences crashes: java.lang.reflect.InvocationTargetException
Sequences crashes: java.lang.reflect.InvocationTargetException
Sequences crashes: java.lang.reflect.InvocationTargetException
Sequences crashes: java.lang.reflect.InvocationTargetException
Sequences crashes: java.lang.reflect.InvocationTargetException
Sequences crashes: java.lang.reflect.InvocationTargetException
Sequences crashes: java.lang.reflect.InvocationTargetException
Sequences crashes: java.lang.reflect.InvocationTargetException
Sequences crashes: java.lang.reflect.InvocationTargetException
Sequences crashes: java.lang.reflect.InvocationTargetException
Sequences crashes: java.lang.reflect.InvocationTargetException
Sequences crashes: java.lang.reflect.InvocationTargetException
Sequences crashes: java.lang.reflect.InvocationTargetException
Sequences crashes: java.lang.reflect.InvocationTargetException
Sequences crashes: java.lang.reflect.InvocationTargetException
Sequences crashes: java.lang.reflect.InvocationTargetException
Sequences crashes: java.lang.reflect.InvocationTargetException
Sequences crashes: java.lang.reflect.InvocationTargetException
Sequences crashes: java.lang.reflect.InvocationTargetException
Sequences crashes: java.lang.reflect.InvocationTargetException
Sequences crashes: java.lang.reflect.InvocationTargetException
Sequences crashes: java.lang.reflect.InvocationTargetException
Sequences crashes: java.lang.reflect.InvocationTargetException
Sequences crashes: java.lang.reflect.InvocationTargetException
Sequences crashes: java.lang.reflect.InvocationTargetException
Sequences crashes: java.lang.reflect.InvocationTargetException
Sequences crashes: java.lang.reflect.InvocationTargetException
Sequences crashes: java.lang.reflect.InvocationTargetException
Sequences crashes: java.lang.reflect.InvocationTargetException
Sequences crashes: java.lang.reflect.InvocationTargetException
Sequences crashes: java.lang.reflect.InvocationTargetException
Sequences crashes: java.lang.reflect.InvocationTargetException
Sequences crashes: java.lang.reflect.InvocationTargetException
Sequences crashes: java.lang.reflect.InvocationTargetException
Sequences crashes: java.lang.reflect.InvocationTargetException
Sequences crashes: java.lang.reflect.InvocationTargetException
Sequences crashes: java.lang.reflect.InvocationTargetException
Sequences crashes: java.lang.reflect.InvocationTargetException
Sequences crashes: java.lang.reflect.InvocationTargetException
Sequences crashes: java.lang.reflect.InvocationTargetException
Sequences crashes: java.lang.reflect.InvocationTargetException
Sequences crashes: java.lang.reflect.InvocationTargetException
Sequences crashes: java.lang.reflect.InvocationTargetException
Sequences crashes: java.lang.reflect.InvocationTargetException
Sequences crashes: java.lang.reflect.InvocationTargetException
Sequences crashes: java.lang.reflect.InvocationTargetException
Sequences crashes: java.lang.reflect.InvocationTargetException
Sequences crashes: java.lang.reflect.InvocationTargetException
Sequences crashes: java.lang.reflect.InvocationTargetException
Sequences crashes: java.lang.reflect.InvocationTargetException
Sequences crashes: java.lang.reflect.InvocationTargetException
Sequences crashes: java.lang.reflect.InvocationTargetException
Sequences crashes: java.lang.reflect.InvocationTargetException
Sequences crashes: java.lang.reflect.InvocationTargetException
Sequences crashes: java.lang.reflect.InvocationTargetException
Sequences crashes: java.lang.reflect.InvocationTargetException
Sequences crashes: java.lang.reflect.InvocationTargetException
Sequences crashes: java.lang.reflect.InvocationTargetException
Sequences crashes: java.lang.reflect.InvocationTargetException
Sequences crashes: java.lang.reflect.InvocationTargetException
Sequences crashes: java.lang.reflect.InvocationTargetException
Sequences crashes: java.lang.reflect.InvocationTargetException
Sequences crashes: java.lang.reflect.InvocationTargetException
Sequences crashes: java.lang.reflect.InvocationTargetException
Sequences crashes: java.lang.reflect.InvocationTargetException
Sequences crashes: java.lang.reflect.InvocationTargetException
Sequences crashes: java.lang.reflect.InvocationTargetException
Sequences crashes: java.lang.reflect.InvocationTargetException
Sequences crashes: java.lang.reflect.InvocationTargetException
Sequences crashes: java.lang.reflect.InvocationTargetException
Sequences crashes: java.lang.reflect.InvocationTargetException
Sequences crashes: java.lang.reflect.InvocationTargetException
Sequences crashes: java.lang.reflect.InvocationTargetException
Sequences crashes: java.lang.reflect.InvocationTargetException
Sequences crashes: java.lang.reflect.InvocationTargetException
Sequences crashes: java.lang.reflect.InvocationTargetException
Sequences crashes: java.lang.reflect.InvocationTargetException
Sequences crashes: java.lang.reflect.InvocationTargetException
Sequences crashes: java.lang.reflect.InvocationTargetException
Sequences crashes: java.lang.reflect.InvocationTargetException
Sequences crashes: java.lang.reflect.InvocationTargetException
Sequences crashes: java.lang.reflect.InvocationTargetException
Sequences crashes: java.lang.reflect.InvocationTargetException
Sequences crashes: java.lang.reflect.InvocationTargetException
Sequences crashes: java.lang.reflect.InvocationTargetException
Sequences crashes: java.lang.reflect.InvocationTargetException
Sequences crashes: java.lang.reflect.InvocationTargetException
Sequences crashes: java.lang.reflect.InvocationTargetException
Nb generated tests: 19
==== Starting Java scheduler-based execution ====
Sequences crashes: java.lang.reflect.InvocationTargetException
New suffix 
var2.clear();
var2.addPropertyChangeListener((java.beans.PropertyChangeListener) null);

Nb generated tests: 20
==== Starting Java scheduler-based execution ====
Nb generated tests: 21
==== Starting Java scheduler-based execution ====
Nb generated tests: 22
==== Starting Java scheduler-based execution ====
New suffix 
var0.add((double) 1.0d, (double) 3.0d);
var0.clear();

Nb generated tests: 23
==== Starting Java scheduler-based execution ====
Nb generated tests: 24
==== Starting Java scheduler-based execution ====
Sequences crashes: java.lang.reflect.InvocationTargetException

=== Statistics:  ===
Executed sequences: 504
   Failed         : 432
Concurrent runs: 2384
   Succeeded   : 2187
   Failed      : 197
Sequential interleavings: 394
------------
Too long sequence: 0
Failed call CUT tasks: 0 / 26
Reasons for failed call CUT tasks:
Reasons for failed state changer call tasks:
Tasks started:
   29 -- GetParamTask for int
   18 -- GetParamTask for java.lang.Number
   10 -- GetParamTask for double
   7 -- GetParamTask for java.lang.String
   6 -- GetParamTask for org.jfree.data.SeriesChangeListener
Tasks failed:
Null parameters:
   2 -- java.beans.PropertyChangeListener
   1 -- org.jfree.data.time.TimeSeries
No parameter found:

-------------------------
Successful / inconclusive JPF runs: 0 / 0
====================
--- Timer: 
3935 --- all
3206 --- conc_exec
440 --- interleavings
259 --- gen
201 --- candExec
-----------(end)
Done with ClassTester at Mon Oct 10 14:18:54 CDT 2022

==== Found a thread safety violation! ====
Sequential prefix:
final org.jfree.data.XYSeries var0 = new org.jfree.data.XYSeries((java.lang.String) "");
var0.add((double) 0.0d, (double) 1.0d);
final org.jfree.data.XYDataPair var1 = var0.getDataPair((int) 0);
var0.setMaximumItemCount((int) 100);
var0.delete((int) 1, (int) -2);
var0.setDescription((java.lang.String) "");

Concurrent suffixes:

var0.add((double) 1.0d, (double) 3.0d);
var0.clear();

vs.

var0.clear();
var0.add((double) -1.0d, (java.lang.Number) null);

Exception Found : java.lang.NullPointerException
	at java.util.Collections.indexedBinarySearch(Collections.java:228)
	at java.util.Collections.binarySearch(Collections.java:215)
	at org.jfree.data.XYSeries.add(Unknown Source)
	at org.jfree.data.XYSeries.add(Unknown Source)
	at org.jfree.data.XYSeries.add(Unknown Source)
	at sun.reflect.GeneratedMethodAccessor8.invoke(Unknown Source)
	at sun.reflect.DelegatingMethodAccessorImpl.invoke(DelegatingMethodAccessorImpl.java:43)
	at java.lang.reflect.Method.invoke(Method.java:498)
	at contege.MethodAtom$$anonfun$1.apply(Atom.scala:58)
	at contege.MethodAtom$$anonfun$1.apply(Atom.scala:54)
	at contege.seqexec.reflective.TimedExecutionThread.run(TimedExecutionThread.scala:18)

null
Time (seconds): 4
